TN:
SF:src/App.original.tsx
FN:36,(anonymous_0)
FN:37,(anonymous_1)
FN:38,(anonymous_2)
FN:39,(anonymous_3)
FN:40,(anonymous_4)
FN:41,(anonymous_5)
FN:42,(anonymous_6)
FN:45,(anonymous_7)
FN:46,(anonymous_8)
FN:47,(anonymous_9)
FN:48,(anonymous_10)
FN:49,(anonymous_11)
FN:50,(anonymous_12)
FN:51,(anonymous_13)
FN:52,(anonymous_14)
FN:53,(anonymous_15)
FN:54,(anonymous_16)
FN:55,(anonymous_17)
FN:56,(anonymous_18)
FN:57,(anonymous_19)
FN:58,(anonymous_20)
FN:59,(anonymous_21)
FN:60,(anonymous_22)
FN:61,(anonymous_23)
FN:62,(anonymous_24)
FN:63,(anonymous_25)
FN:64,(anonymous_26)
FN:65,(anonymous_27)
FN:70,App
FN:72,(anonymous_29)
FN:77,(anonymous_30)
FN:92,(anonymous_31)
FN:111,(anonymous_32)
FN:145,(anonymous_33)
FN:189,(anonymous_34)
FN:195,(anonymous_35)
FN:458,(anonymous_36)
FNF:37
FNH:0
FNDA:0,(anonymous_0)
FNDA:0,(anonymous_1)
FNDA:0,(anonymous_2)
FNDA:0,(anonymous_3)
FNDA:0,(anonymous_4)
FNDA:0,(anonymous_5)
FNDA:0,(anonymous_6)
FNDA:0,(anonymous_7)
FNDA:0,(anonymous_8)
FNDA:0,(anonymous_9)
FNDA:0,(anonymous_10)
FNDA:0,(anonymous_11)
FNDA:0,(anonymous_12)
FNDA:0,(anonymous_13)
FNDA:0,(anonymous_14)
FNDA:0,(anonymous_15)
FNDA:0,(anonymous_16)
FNDA:0,(anonymous_17)
FNDA:0,(anonymous_18)
FNDA:0,(anonymous_19)
FNDA:0,(anonymous_20)
FNDA:0,(anonymous_21)
FNDA:0,(anonymous_22)
FNDA:0,(anonymous_23)
FNDA:0,(anonymous_24)
FNDA:0,(anonymous_25)
FNDA:0,(anonymous_26)
FNDA:0,(anonymous_27)
FNDA:0,App
FNDA:0,(anonymous_29)
FNDA:0,(anonymous_30)
FNDA:0,(anonymous_31)
FNDA:0,(anonymous_32)
FNDA:0,(anonymous_33)
FNDA:0,(anonymous_34)
FNDA:0,(anonymous_35)
FNDA:0,(anonymous_36)
DA:11,0
DA:36,0
DA:37,0
DA:38,0
DA:39,0
DA:40,0
DA:41,0
DA:42,0
DA:45,0
DA:46,0
DA:47,0
DA:48,0
DA:49,0
DA:50,0
DA:51,0
DA:52,0
DA:53,0
DA:54,0
DA:55,0
DA:56,0
DA:57,0
DA:58,0
DA:59,0
DA:60,0
DA:61,0
DA:62,0
DA:63,0
DA:64,0
DA:65,0
DA:68,0
DA:71,0
DA:72,0
DA:75,0
DA:77,0
DA:79,0
DA:80,0
DA:81,0
DA:84,0
DA:86,0
DA:87,0
DA:88,0
DA:89,0
DA:92,0
DA:93,0
DA:94,0
DA:99,0
DA:100,0
DA:101,0
DA:103,0
DA:105,0
DA:107,0
DA:111,0
DA:112,0
DA:113,0
DA:115,0
DA:117,0
DA:134,0
DA:137,0
DA:138,0
DA:142,0
DA:145,0
DA:146,0
DA:148,0
DA:150,0
DA:165,0
DA:167,0
DA:168,0
DA:170,0
DA:189,0
DA:190,0
DA:195,0
DA:196,0
DA:197,0
DA:198,0
DA:202,0
DA:203,0
DA:213,0
DA:458,0
LF:78
LH:0
BRDA:80,0,0,0
BRDA:80,0,1,0
BRDA:93,1,0,0
BRDA:93,1,1,0
BRDA:93,2,0,0
BRDA:93,2,1,0
BRDA:100,3,0,0
BRDA:100,3,1,0
BRDA:115,4,0,0
BRDA:115,4,1,0
BRDA:120,5,0,0
BRDA:120,5,1,0
BRDA:121,6,0,0
BRDA:121,6,1,0
BRDA:121,6,2,0
BRDA:122,7,0,0
BRDA:122,7,1,0
BRDA:122,7,2,0
BRDA:125,8,0,0
BRDA:125,8,1,0
BRDA:127,9,0,0
BRDA:127,9,1,0
BRDA:130,10,0,0
BRDA:130,10,1,0
BRDA:148,11,0,0
BRDA:148,11,1,0
BRDA:148,12,0,0
BRDA:148,12,1,0
BRDA:153,13,0,0
BRDA:153,13,1,0
BRDA:154,14,0,0
BRDA:154,14,1,0
BRDA:154,14,2,0
BRDA:155,15,0,0
BRDA:155,15,1,0
BRDA:155,15,2,0
BRDA:158,16,0,0
BRDA:158,16,1,0
BRDA:160,17,0,0
BRDA:160,17,1,0
BRDA:163,18,0,0
BRDA:163,18,1,0
BRDA:165,19,0,0
BRDA:165,19,1,0
BRDA:168,20,0,0
BRDA:168,20,1,0
BRDA:168,21,0,0
BRDA:168,21,1,0
BRDA:173,22,0,0
BRDA:173,22,1,0
BRDA:174,23,0,0
BRDA:174,23,1,0
BRDA:174,23,2,0
BRDA:175,24,0,0
BRDA:175,24,1,0
BRDA:175,24,2,0
BRDA:178,25,0,0
BRDA:178,25,1,0
BRDA:180,26,0,0
BRDA:180,26,1,0
BRDA:183,27,0,0
BRDA:183,27,1,0
BRDA:197,28,0,0
BRDA:197,28,1,0
BRDA:202,29,0,0
BRDA:202,29,1,0
BRDA:331,30,0,0
BRDA:331,30,1,0
BRDA:447,31,0,0
BRDA:447,31,1,0
BRF:70
BRH:0
end_of_record
TN:
SF:src/App.otp.tsx
FN:5,OTPLoginPage
FN:18,(anonymous_1)
FN:49,(anonymous_2)
FN:117,(anonymous_3)
FN:133,(anonymous_4)
FN:146,(anonymous_5)
FN:197,(anonymous_6)
FN:230,(anonymous_7)
FN:271,LandingPage
FN:397,RegisterPage
FN:407,(anonymous_10)
FN:482,(anonymous_11)
FN:496,(anonymous_12)
FN:511,(anonymous_13)
FN:526,(anonymous_14)
FN:590,App
FNF:16
FNH:0
FNDA:0,OTPLoginPage
FNDA:0,(anonymous_1)
FNDA:0,(anonymous_2)
FNDA:0,(anonymous_3)
FNDA:0,(anonymous_4)
FNDA:0,(anonymous_5)
FNDA:0,(anonymous_6)
FNDA:0,(anonymous_7)
FNDA:0,LandingPage
FNDA:0,RegisterPage
FNDA:0,(anonymous_10)
FNDA:0,(anonymous_11)
FNDA:0,(anonymous_12)
FNDA:0,(anonymous_13)
FNDA:0,(anonymous_14)
FNDA:0,App
DA:6,0
DA:7,0
DA:13,0
DA:14,0
DA:15,0
DA:16,0
DA:18,0
DA:19,0
DA:20,0
DA:21,0
DA:23,0
DA:24,0
DA:32,0
DA:34,0
DA:35,0
DA:36,0
DA:37,0
DA:38,0
DA:40,0
DA:43,0
DA:45,0
DA:49,0
DA:50,0
DA:51,0
DA:52,0
DA:54,0
DA:55,0
DA:66,0
DA:68,0
DA:69,0
DA:70,0
DA:71,0
DA:73,0
DA:76,0
DA:78,0
DA:82,0
DA:117,0
DA:133,0
DA:146,0
DA:197,0
DA:230,0
DA:272,0
DA:398,0
DA:404,0
DA:405,0
DA:407,0
DA:408,0
DA:409,0
DA:410,0
DA:412,0
DA:413,0
DA:421,0
DA:423,0
DA:424,0
DA:425,0
DA:427,0
DA:430,0
DA:432,0
DA:436,0
DA:482,0
DA:496,0
DA:511,0
DA:526,0
DA:591,0
LF:64
LH:0
BRDA:34,0,0,0
BRDA:34,0,1,0
BRDA:36,1,0,0
BRDA:36,1,1,0
BRDA:37,2,0,0
BRDA:37,2,1,0
BRDA:40,3,0,0
BRDA:40,3,1,0
BRDA:68,4,0,0
BRDA:68,4,1,0
BRDA:73,5,0,0
BRDA:73,5,1,0
BRDA:108,6,0,0
BRDA:108,6,1,0
BRDA:111,7,0,0
BRDA:111,7,1,0
BRDA:161,8,0,0
BRDA:161,8,1,0
BRDA:168,9,0,0
BRDA:168,9,1,0
BRDA:171,10,0,0
BRDA:171,10,1,0
BRDA:179,11,0,0
BRDA:179,11,1,0
BRDA:213,12,0,0
BRDA:213,12,1,0
BRDA:216,13,0,0
BRDA:216,13,1,0
BRDA:216,14,0,0
BRDA:216,14,1,0
BRDA:223,15,0,0
BRDA:223,15,1,0
BRDA:223,16,0,0
BRDA:223,16,1,0
BRDA:226,17,0,0
BRDA:226,17,1,0
BRDA:248,18,0,0
BRDA:248,18,1,0
BRDA:253,19,0,0
BRDA:253,19,1,0
BRDA:253,20,0,0
BRDA:253,20,1,0
BRDA:254,21,0,0
BRDA:254,21,1,0
BRDA:254,22,0,0
BRDA:254,22,1,0
BRDA:423,23,0,0
BRDA:423,23,1,0
BRDA:427,24,0,0
BRDA:427,24,1,0
BRDA:551,25,0,0
BRDA:551,25,1,0
BRDA:558,26,0,0
BRDA:558,26,1,0
BRDA:561,27,0,0
BRDA:561,27,1,0
BRDA:565,28,0,0
BRDA:565,28,1,0
BRDA:570,29,0,0
BRDA:570,29,1,0
BRDA:571,30,0,0
BRDA:571,30,1,0
BRF:62
BRH:0
end_of_record
TN:
SF:src/App.simple-login.tsx
FN:5,InstantLoginPage
FN:10,(anonymous_1)
FN:218,LandingPage
FN:325,App
FNF:4
FNH:0
FNDA:0,InstantLoginPage
FNDA:0,(anonymous_1)
FNDA:0,LandingPage
FNDA:0,App
DA:6,0
DA:7,0
DA:8,0
DA:10,0
DA:11,0
DA:12,0
DA:14,0
DA:15,0
DA:22,0
DA:24,0
DA:25,0
DA:26,0
DA:27,0
DA:28,0
DA:30,0
DA:33,0
DA:35,0
DA:39,0
DA:219,0
DA:326,0
LF:20
LH:0
BRDA:24,0,0,0
BRDA:24,0,1,0
BRDA:30,1,0,0
BRDA:30,1,1,0
BRDA:76,2,0,0
BRDA:76,2,1,0
BRDA:108,3,0,0
BRDA:108,3,1,0
BRDA:115,4,0,0
BRDA:115,4,1,0
BRDA:121,5,0,0
BRDA:121,5,1,0
BRDA:175,6,0,0
BRDA:175,6,1,0
BRDA:180,7,0,0
BRDA:180,7,1,0
BRDA:181,8,0,0
BRDA:181,8,1,0
BRF:18
BRH:0
end_of_record
TN:
SF:src/App.simple.tsx
FN:2,App
FNF:1
FNH:0
FNDA:0,App
DA:3,0
LF:1
LH:0
BRF:0
BRH:0
end_of_record
TN:
SF:src/App.tsx
FN:34,(anonymous_0)
FN:35,(anonymous_1)
FN:36,(anonymous_2)
FN:37,(anonymous_3)
FN:38,(anonymous_4)
FN:39,(anonymous_5)
FN:40,(anonymous_6)
FN:43,(anonymous_7)
FN:44,(anonymous_8)
FN:45,(anonymous_9)
FN:46,(anonymous_10)
FN:47,(anonymous_11)
FN:48,(anonymous_12)
FN:49,(anonymous_13)
FN:50,(anonymous_14)
FN:51,(anonymous_15)
FN:52,(anonymous_16)
FN:53,(anonymous_17)
FN:54,(anonymous_18)
FN:56,(anonymous_19)
FN:57,(anonymous_20)
FN:58,(anonymous_21)
FN:59,(anonymous_22)
FN:62,(anonymous_23)
FN:63,(anonymous_24)
FN:64,(anonymous_25)
FN:65,(anonymous_26)
FN:66,(anonymous_27)
FN:67,(anonymous_28)
FN:71,(anonymous_29)
FN:75,(anonymous_30)
FN:76,(anonymous_31)
FN:77,(anonymous_32)
FN:78,(anonymous_33)
FN:83,App
FN:85,(anonymous_35)
FN:92,(anonymous_36)
FN:99,(anonymous_37)
FN:107,(anonymous_38)
FN:120,(anonymous_39)
FN:129,(anonymous_40)
FN:132,(anonymous_41)
FN:150,(anonymous_42)
FN:182,(anonymous_43)
FN:222,(anonymous_44)
FN:228,(anonymous_45)
FN:255,(anonymous_46)
FN:587,(anonymous_47)
FNF:48
FNH:0
FNDA:0,(anonymous_0)
FNDA:0,(anonymous_1)
FNDA:0,(anonymous_2)
FNDA:0,(anonymous_3)
FNDA:0,(anonymous_4)
FNDA:0,(anonymous_5)
FNDA:0,(anonymous_6)
FNDA:0,(anonymous_7)
FNDA:0,(anonymous_8)
FNDA:0,(anonymous_9)
FNDA:0,(anonymous_10)
FNDA:0,(anonymous_11)
FNDA:0,(anonymous_12)
FNDA:0,(anonymous_13)
FNDA:0,(anonymous_14)
FNDA:0,(anonymous_15)
FNDA:0,(anonymous_16)
FNDA:0,(anonymous_17)
FNDA:0,(anonymous_18)
FNDA:0,(anonymous_19)
FNDA:0,(anonymous_20)
FNDA:0,(anonymous_21)
FNDA:0,(anonymous_22)
FNDA:0,(anonymous_23)
FNDA:0,(anonymous_24)
FNDA:0,(anonymous_25)
FNDA:0,(anonymous_26)
FNDA:0,(anonymous_27)
FNDA:0,(anonymous_28)
FNDA:0,(anonymous_29)
FNDA:0,(anonymous_30)
FNDA:0,(anonymous_31)
FNDA:0,(anonymous_32)
FNDA:0,(anonymous_33)
FNDA:0,App
FNDA:0,(anonymous_35)
FNDA:0,(anonymous_36)
FNDA:0,(anonymous_37)
FNDA:0,(anonymous_38)
FNDA:0,(anonymous_39)
FNDA:0,(anonymous_40)
FNDA:0,(anonymous_41)
FNDA:0,(anonymous_42)
FNDA:0,(anonymous_43)
FNDA:0,(anonymous_44)
FNDA:0,(anonymous_45)
FNDA:0,(anonymous_46)
FNDA:0,(anonymous_47)
DA:20,0
DA:34,0
DA:35,0
DA:36,0
DA:37,0
DA:38,0
DA:39,0
DA:40,0
DA:43,0
DA:44,0
DA:45,0
DA:46,0
DA:47,0
DA:48,0
DA:49,0
DA:50,0
DA:51,0
DA:52,0
DA:53,0
DA:54,0
DA:56,0
DA:57,0
DA:58,0
DA:59,0
DA:62,0
DA:63,0
DA:64,0
DA:65,0
DA:66,0
DA:67,0
DA:70,0
DA:71,0
DA:75,0
DA:76,0
DA:77,0
DA:78,0
DA:81,0
DA:84,0
DA:85,0
DA:86,0
DA:89,0
DA:92,0
DA:93,0
DA:94,0
DA:99,0
DA:100,0
DA:101,0
DA:102,0
DA:107,0
DA:108,0
DA:110,0
DA:111,0
DA:112,0
DA:115,0
DA:116,0
DA:120,0
DA:122,0
DA:123,0
DA:124,0
DA:126,0
DA:128,0
DA:129,0
DA:132,0
DA:133,0
DA:134,0
DA:139,0
DA:140,0
DA:141,0
DA:143,0
DA:144,0
DA:146,0
DA:150,0
DA:151,0
DA:152,0
DA:154,0
DA:155,0
DA:171,0
DA:174,0
DA:175,0
DA:179,0
DA:182,0
DA:183,0
DA:185,0
DA:186,0
DA:201,0
DA:202,0
DA:203,0
DA:204,0
DA:222,0
DA:223,0
DA:228,0
DA:229,0
DA:230,0
DA:231,0
DA:235,0
DA:236,0
DA:246,0
DA:255,0
DA:587,0
LF:99
LH:0
BRDA:70,0,0,0
BRDA:70,0,1,0
BRDA:93,1,0,0
BRDA:93,1,1,0
BRDA:101,2,0,0
BRDA:101,2,1,0
BRDA:108,3,0,0
BRDA:108,3,1,0
BRDA:123,4,0,0
BRDA:123,4,1,0
BRDA:133,5,0,0
BRDA:133,5,1,0
BRDA:133,6,0,0
BRDA:133,6,1,0
BRDA:140,7,0,0
BRDA:140,7,1,0
BRDA:154,8,0,0
BRDA:154,8,1,0
BRDA:158,9,0,0
BRDA:158,9,1,0
BRDA:159,10,0,0
BRDA:159,10,1,0
BRDA:159,10,2,0
BRDA:160,11,0,0
BRDA:160,11,1,0
BRDA:160,11,2,0
BRDA:163,12,0,0
BRDA:163,12,1,0
BRDA:165,13,0,0
BRDA:165,13,1,0
BRDA:168,14,0,0
BRDA:168,14,1,0
BRDA:185,15,0,0
BRDA:185,15,1,0
BRDA:185,16,0,0
BRDA:185,16,1,0
BRDA:189,17,0,0
BRDA:189,17,1,0
BRDA:190,18,0,0
BRDA:190,18,1,0
BRDA:190,18,2,0
BRDA:191,19,0,0
BRDA:191,19,1,0
BRDA:191,19,2,0
BRDA:194,20,0,0
BRDA:194,20,1,0
BRDA:196,21,0,0
BRDA:196,21,1,0
BRDA:199,22,0,0
BRDA:199,22,1,0
BRDA:201,23,0,0
BRDA:201,23,1,0
BRDA:203,24,0,0
BRDA:203,24,1,0
BRDA:203,25,0,0
BRDA:203,25,1,0
BRDA:207,26,0,0
BRDA:207,26,1,0
BRDA:208,27,0,0
BRDA:208,27,1,0
BRDA:208,27,2,0
BRDA:209,28,0,0
BRDA:209,28,1,0
BRDA:209,28,2,0
BRDA:212,29,0,0
BRDA:212,29,1,0
BRDA:214,30,0,0
BRDA:214,30,1,0
BRDA:217,31,0,0
BRDA:217,31,1,0
BRDA:230,32,0,0
BRDA:230,32,1,0
BRDA:235,33,0,0
BRDA:235,33,1,0
BRDA:253,34,0,0
BRDA:253,34,1,0
BRDA:422,35,0,0
BRDA:422,35,1,0
BRDA:422,35,2,0
BRDA:576,36,0,0
BRDA:576,36,1,0
BRDA:604,37,0,0
BRDA:604,37,1,0
BRF:83
BRH:0
end_of_record
TN:
SF:src/App.working.tsx
FN:5,LoginPage
FN:13,(anonymous_1)
FN:33,(anonymous_2)
FN:80,(anonymous_3)
FN:95,(anonymous_4)
FN:151,RegisterPage
FN:161,(anonymous_6)
FN:225,(anonymous_7)
FN:239,(anonymous_8)
FN:254,(anonymous_9)
FN:269,(anonymous_10)
FN:334,LandingPage
FN:459,App
FNF:13
FNH:0
FNDA:0,LoginPage
FNDA:0,(anonymous_1)
FNDA:0,(anonymous_2)
FNDA:0,(anonymous_3)
FNDA:0,(anonymous_4)
FNDA:0,RegisterPage
FNDA:0,(anonymous_6)
FNDA:0,(anonymous_7)
FNDA:0,(anonymous_8)
FNDA:0,(anonymous_9)
FNDA:0,(anonymous_10)
FNDA:0,LandingPage
FNDA:0,App
DA:6,0
DA:10,0
DA:11,0
DA:13,0
DA:14,0
DA:15,0
DA:16,0
DA:18,0
DA:19,0
DA:27,0
DA:29,0
DA:30,0
DA:31,0
DA:33,0
DA:34,0
DA:37,0
DA:40,0
DA:42,0
DA:46,0
DA:80,0
DA:95,0
DA:152,0
DA:158,0
DA:159,0
DA:161,0
DA:162,0
DA:163,0
DA:164,0
DA:166,0
DA:167,0
DA:175,0
DA:177,0
DA:178,0
DA:179,0
DA:181,0
DA:184,0
DA:186,0
DA:190,0
DA:225,0
DA:239,0
DA:254,0
DA:269,0
DA:335,0
DA:460,0
LF:44
LH:0
BRDA:29,0,0,0
BRDA:29,0,1,0
BRDA:37,1,0,0
BRDA:37,1,1,0
BRDA:111,2,0,0
BRDA:111,2,1,0
BRDA:118,3,0,0
BRDA:118,3,1,0
BRDA:121,4,0,0
BRDA:121,4,1,0
BRDA:125,5,0,0
BRDA:125,5,1,0
BRDA:130,6,0,0
BRDA:130,6,1,0
BRDA:131,7,0,0
BRDA:131,7,1,0
BRDA:177,8,0,0
BRDA:177,8,1,0
BRDA:181,9,0,0
BRDA:181,9,1,0
BRDA:294,10,0,0
BRDA:294,10,1,0
BRDA:301,11,0,0
BRDA:301,11,1,0
BRDA:304,12,0,0
BRDA:304,12,1,0
BRDA:308,13,0,0
BRDA:308,13,1,0
BRDA:313,14,0,0
BRDA:313,14,1,0
BRDA:314,15,0,0
BRDA:314,15,1,0
BRF:32
BRH:0
end_of_record
TN:
SF:src/index.tsx
FN:23,(anonymous_0)
FNF:1
FNH:0
FNDA:0,(anonymous_0)
DA:14,0
DA:17,0
DA:20,0
DA:23,0
DA:25,0
DA:26,0
DA:30,0
DA:34,0
LF:8
LH:0
BRDA:25,0,0,0
BRDA:25,0,1,0
BRF:2
BRH:0
end_of_record
TN:
SF:src/service-worker.js
FN:18,(anonymous_0)
FN:43,(anonymous_1)
FN:58,(anonymous_2)
FN:72,(anonymous_3)
FN:87,(anonymous_4)
FN:101,(anonymous_5)
FN:117,(anonymous_6)
FN:131,(anonymous_7)
FN:133,(anonymous_8)
FN:140,(anonymous_9)
FN:146,syncWorkshopData
FN:175,(anonymous_11)
FN:182,(anonymous_12)
FN:193,(anonymous_13)
FN:195,(anonymous_14)
FNF:15
FNH:0
FNDA:0,(anonymous_0)
FNDA:0,(anonymous_1)
FNDA:0,(anonymous_2)
FNDA:0,(anonymous_3)
FNDA:0,(anonymous_4)
FNDA:0,(anonymous_5)
FNDA:0,(anonymous_6)
FNDA:0,(anonymous_7)
FNDA:0,(anonymous_8)
FNDA:0,(anonymous_9)
FNDA:0,syncWorkshopData
FNDA:0,(anonymous_11)
FNDA:0,(anonymous_12)
FNDA:0,(anonymous_13)
FNDA:0,(anonymous_14)
DA:8,0
DA:11,0
DA:15,0
DA:16,0
DA:20,0
DA:21,0
DA:25,0
DA:26,0
DA:31,0
DA:32,0
DA:36,0
DA:42,0
DA:43,0
DA:57,0
DA:58,0
DA:71,0
DA:72,0
DA:86,0
DA:87,0
DA:100,0
DA:102,0
DA:116,0
DA:117,0
DA:131,0
DA:132,0
DA:134,0
DA:140,0
DA:141,0
DA:142,0
DA:147,0
DA:148,0
DA:149,0
DA:151,0
DA:152,0
DA:153,0
DA:154,0
DA:155,0
DA:157,0
DA:165,0
DA:170,0
DA:175,0
DA:176,0
DA:177,0
DA:182,0
DA:183,0
DA:192,0
DA:194,0
DA:196,0
DA:197,0
LF:49
LH:0
BRDA:20,0,0,0
BRDA:20,0,1,0
BRDA:25,1,0,0
BRDA:25,1,1,0
BRDA:31,2,0,0
BRDA:31,2,1,0
BRDA:43,3,0,0
BRDA:43,3,1,0
BRDA:102,4,0,0
BRDA:102,4,1,0
BRDA:141,5,0,0
BRDA:141,5,1,0
BRDA:152,6,0,0
BRDA:152,6,1,0
BRDA:154,7,0,0
BRDA:154,7,1,0
BRDA:176,8,0,0
BRDA:176,8,1,0
BRDA:176,9,0,0
BRDA:176,9,1,0
BRDA:196,10,0,0
BRDA:196,10,1,0
BRF:22
BRH:0
end_of_record
TN:
SF:src/components/ABTest.tsx
FN:14,(anonymous_0)
FN:24,(anonymous_1)
FN:50,useABTest
FN:58,(anonymous_3)
FN:63,(anonymous_4)
FN:67,(anonymous_5)
FN:81,(anonymous_6)
FN:99,(anonymous_7)
FN:110,(anonymous_8)
FN:118,(anonymous_9)
FN:126,(anonymous_10)
FN:169,(anonymous_11)
FN:178,(anonymous_12)
FN:195,(anonymous_13)
FN:199,(anonymous_14)
FN:208,(anonymous_15)
FN:218,(anonymous_16)
FN:225,(anonymous_17)
FNF:18
FNH:0
FNDA:0,(anonymous_0)
FNDA:0,(anonymous_1)
FNDA:0,useABTest
FNDA:0,(anonymous_3)
FNDA:0,(anonymous_4)
FNDA:0,(anonymous_5)
FNDA:0,(anonymous_6)
FNDA:0,(anonymous_7)
FNDA:0,(anonymous_8)
FNDA:0,(anonymous_9)
FNDA:0,(anonymous_10)
FNDA:0,(anonymous_11)
FNDA:0,(anonymous_12)
FNDA:0,(anonymous_13)
FNDA:0,(anonymous_14)
FNDA:0,(anonymous_15)
FNDA:0,(anonymous_16)
FNDA:0,(anonymous_17)
DA:14,0
DA:21,0
DA:22,0
DA:24,0
DA:26,0
DA:27,0
DA:28,0
DA:31,0
DA:32,0
DA:36,0
DA:37,0
DA:42,0
DA:46,0
DA:55,0
DA:56,0
DA:58,0
DA:59,0
DA:60,0
DA:63,0
DA:64,0
DA:67,0
DA:68,0
DA:71,0
DA:81,0
DA:86,0
DA:99,0
DA:100,0
DA:102,0
DA:110,0
DA:118,0
DA:126,0
DA:169,0
DA:170,0
DA:178,0
DA:179,0
DA:195,0
DA:196,0
DA:199,0
DA:200,0
DA:201,0
DA:204,0
DA:209,0
DA:213,0
DA:219,0
DA:222,0
DA:224,0
DA:226,0
DA:230,0
LF:48
LH:0
BRDA:17,0,0,0
BRDA:19,1,0,0
BRDA:31,2,0,0
BRDA:31,2,1,0
BRDA:36,3,0,0
BRDA:36,3,1,0
BRDA:42,4,0,0
BRDA:42,4,1,0
BRDA:42,5,0,0
BRDA:42,5,1,0
BRDA:84,6,0,0
BRDA:196,7,0,0
BRDA:196,7,1,0
BRDA:200,8,0,0
BRDA:200,8,1,0
BRDA:222,9,0,0
BRDA:222,9,1,0
BRDA:232,10,0,0
BRDA:232,10,1,0
BRDA:237,11,0,0
BRDA:237,11,1,0
BRDA:245,12,0,0
BRDA:245,12,1,0
BRDA:247,13,0,0
BRDA:247,13,1,0
BRDA:247,14,0,0
BRDA:247,14,1,0
BRDA:249,15,0,0
BRDA:249,15,1,0
BRF:29
BRH:0
end_of_record
TN:
SF:src/components/ConversationFlow.tsx
FN:37,(anonymous_0)
FN:60,(anonymous_1)
FN:67,(anonymous_2)
FN:98,(anonymous_3)
FN:123,(anonymous_4)
FN:149,(anonymous_5)
FN:174,(anonymous_6)
FN:201,(anonymous_7)
FN:208,(anonymous_8)
FN:380,(anonymous_9)
FN:405,(anonymous_10)
FN:425,(anonymous_11)
FN:441,(anonymous_12)
FN:457,(anonymous_13)
FNF:14
FNH:0
FNDA:0,(anonymous_0)
FNDA:0,(anonymous_1)
FNDA:0,(anonymous_2)
FNDA:0,(anonymous_3)
FNDA:0,(anonymous_4)
FNDA:0,(anonymous_5)
FNDA:0,(anonymous_6)
FNDA:0,(anonymous_7)
FNDA:0,(anonymous_8)
FNDA:0,(anonymous_9)
FNDA:0,(anonymous_10)
FNDA:0,(anonymous_11)
FNDA:0,(anonymous_12)
FNDA:0,(anonymous_13)
DA:37,0
DA:41,0
DA:42,0
DA:43,0
DA:44,0
DA:45,0
DA:46,0
DA:48,0
DA:49,0
DA:50,0
DA:51,0
DA:52,0
DA:53,0
DA:54,0
DA:55,0
DA:56,0
DA:57,0
DA:60,0
DA:61,0
DA:62,0
DA:67,0
DA:68,0
DA:69,0
DA:70,0
DA:71,0
DA:73,0
DA:79,0
DA:81,0
DA:82,0
DA:83,0
DA:84,0
DA:86,0
DA:89,0
DA:90,0
DA:91,0
DA:93,0
DA:98,0
DA:99,0
DA:101,0
DA:102,0
DA:103,0
DA:105,0
DA:111,0
DA:114,0
DA:123,0
DA:125,0
DA:131,0
DA:132,0
DA:133,0
DA:135,0
DA:136,0
DA:140,0
DA:141,0
DA:142,0
DA:144,0
DA:149,0
DA:150,0
DA:152,0
DA:153,0
DA:154,0
DA:156,0
DA:163,0
DA:166,0
DA:174,0
DA:176,0
DA:181,0
DA:182,0
DA:184,0
DA:185,0
DA:186,0
DA:188,0
DA:189,0
DA:193,0
DA:194,0
DA:196,0
DA:201,0
DA:202,0
DA:204,0
DA:205,0
DA:208,0
DA:209,0
DA:212,0
DA:213,0
DA:215,0
DA:217,0
DA:227,0
DA:230,0
DA:231,0
DA:236,0
DA:237,0
DA:247,0
DA:248,0
DA:284,0
DA:285,0
DA:309,0
DA:381,0
DA:405,0
DA:425,0
DA:441,0
DA:458,0
LF:100
LH:0
BRDA:39,0,0,0
BRDA:61,1,0,0
BRDA:61,1,1,0
BRDA:61,2,0,0
BRDA:61,2,1,0
BRDA:99,3,0,0
BRDA:99,3,1,0
BRDA:99,4,0,0
BRDA:99,4,1,0
BRDA:131,5,0,0
BRDA:131,5,1,0
BRDA:131,6,0,0
BRDA:131,6,1,0
BRDA:150,7,0,0
BRDA:150,7,1,0
BRDA:150,8,0,0
BRDA:150,8,1,0
BRDA:150,8,2,0
BRDA:184,9,0,0
BRDA:184,9,1,0
BRDA:184,10,0,0
BRDA:184,10,1,0
BRDA:202,11,0,0
BRDA:202,11,1,0
BRDA:236,12,0,0
BRDA:236,12,1,0
BRDA:236,13,0,0
BRDA:236,13,1,0
BRDA:247,14,0,0
BRDA:247,14,1,0
BRDA:284,15,0,0
BRDA:284,15,1,0
BRDA:326,16,0,0
BRDA:326,16,1,0
BRDA:346,17,0,0
BRDA:346,17,1,0
BRDA:346,17,2,0
BRDA:353,18,0,0
BRDA:353,18,1,0
BRDA:355,19,0,0
BRDA:355,19,1,0
BRDA:364,20,0,0
BRDA:364,20,1,0
BRDA:364,20,2,0
BRDA:376,21,0,0
BRDA:376,21,1,0
BRDA:376,21,2,0
BRDA:390,22,0,0
BRDA:390,22,1,0
BRDA:402,23,0,0
BRDA:402,23,1,0
BRDA:402,23,2,0
BRDA:414,24,0,0
BRDA:414,24,1,0
BRDA:414,24,2,0
BRDA:414,24,3,0
BRDA:434,25,0,0
BRDA:434,25,1,0
BRDA:437,26,0,0
BRDA:437,26,1,0
BRDA:453,27,0,0
BRDA:453,27,1,0
BRDA:468,28,0,0
BRDA:468,28,1,0
BRDA:472,29,0,0
BRDA:472,29,1,0
BRF:66
BRH:0
end_of_record
TN:
SF:src/components/DiagnosticTools.tsx
FN:26,(anonymous_0)
FN:31,(anonymous_1)
FN:37,(anonymous_2)
FN:50,(anonymous_3)
FN:91,(anonymous_4)
FN:95,(anonymous_5)
FN:98,(anonymous_6)
FN:108,(anonymous_7)
FN:131,(anonymous_8)
FN:149,(anonymous_9)
FN:162,(anonymous_10)
FNF:11
FNH:0
FNDA:0,(anonymous_0)
FNDA:0,(anonymous_1)
FNDA:0,(anonymous_2)
FNDA:0,(anonymous_3)
FNDA:0,(anonymous_4)
FNDA:0,(anonymous_5)
FNDA:0,(anonymous_6)
FNDA:0,(anonymous_7)
FNDA:0,(anonymous_8)
FNDA:0,(anonymous_9)
FNDA:0,(anonymous_10)
DA:26,0
DA:27,0
DA:28,0
DA:29,0
DA:31,0
DA:32,0
DA:33,0
DA:37,0
DA:38,0
DA:40,0
DA:41,0
DA:42,0
DA:43,0
DA:44,0
DA:49,0
DA:50,0
DA:51,0
DA:52,0
DA:54,0
DA:59,0
DA:62,0
DA:69,0
DA:77,0
DA:87,0
DA:91,0
DA:92,0
DA:93,0
DA:95,0
DA:96,0
DA:98,0
DA:99,0
DA:100,0
DA:102,0
DA:103,0
DA:108,0
DA:109,0
DA:111,0
DA:120,0
DA:121,0
DA:122,0
DA:123,0
DA:124,0
DA:125,0
DA:126,0
DA:127,0
DA:128,0
DA:131,0
DA:132,0
DA:133,0
DA:136,0
DA:137,0
DA:138,0
DA:140,0
DA:141,0
DA:145,0
DA:149,0
DA:162,0
LF:57
LH:0
BRDA:32,0,0,0
BRDA:32,0,1,0
BRDA:43,1,0,0
BRDA:43,1,1,0
BRDA:52,2,0,0
BRDA:52,2,1,0
BRDA:82,3,0,0
BRDA:82,3,1,0
BRDA:92,4,0,0
BRDA:92,4,1,0
BRDA:96,5,0,0
BRDA:96,5,1,0
BRDA:109,6,0,0
BRDA:109,6,1,0
BRDA:136,7,0,0
BRDA:136,7,1,0
BRDA:157,8,0,0
BRDA:157,8,1,0
BRDA:169,9,0,0
BRDA:169,9,1,0
BRDA:196,10,0,0
BRDA:196,10,1,0
BRDA:202,11,0,0
BRDA:202,11,1,0
BRDA:230,12,0,0
BRDA:230,12,1,0
BRDA:231,13,0,0
BRDA:231,13,1,0
BRF:28
BRH:0
end_of_record
TN:
SF:src/components/ErrorBoundary.tsx
FN:21,(anonymous_0)
FN:26,(anonymous_1)
FN:30,(anonymous_2)
FN:61,(anonymous_3)
FN:104,(anonymous_4)
FN:112,(anonymous_5)
FNF:6
FNH:0
FNDA:0,(anonymous_0)
FNDA:0,(anonymous_1)
FNDA:0,(anonymous_2)
FNDA:0,(anonymous_3)
FNDA:0,(anonymous_4)
FNDA:0,(anonymous_5)
DA:22,0
DA:23,0
DA:27,0
DA:32,0
DA:33,0
DA:37,0
DA:49,0
DA:56,0
DA:57,0
DA:62,0
DA:64,0
DA:65,0
DA:69,0
DA:70,0
DA:73,0
DA:104,0
DA:112,0
DA:130,0
LF:18
LH:0
BRDA:32,0,0,0
BRDA:32,0,1,0
BRDA:56,1,0,0
BRDA:56,1,1,0
BRDA:62,2,0,0
BRDA:62,2,1,0
BRDA:64,3,0,0
BRDA:64,3,1,0
BRDA:69,4,0,0
BRDA:69,4,1,0
BRDA:69,5,0,0
BRDA:69,5,1,0
BRDA:88,6,0,0
BRDA:88,6,1,0
BRDA:88,6,2,0
BRDA:91,7,0,0
BRDA:91,7,1,0
BRDA:120,8,0,0
BRDA:120,8,1,0
BRF:19
BRH:0
end_of_record
TN:
SF:src/components/ErrorRecoveryModal.tsx
FN:14,(anonymous_0)
FN:69,(anonymous_1)
FN:115,(anonymous_2)
FNF:3
FNH:0
FNDA:0,(anonymous_0)
FNDA:0,(anonymous_1)
FNDA:0,(anonymous_2)
DA:14,0
DA:23,0
DA:25,0
DA:27,0
DA:69,0
DA:115,0
LF:6
LH:0
BRDA:25,0,0,0
BRDA:25,0,1,0
BRDA:112,1,0,0
BRDA:112,1,1,0
BRDA:118,2,0,0
BRDA:118,2,1,0
BRDA:120,3,0,0
BRDA:120,3,1,0
BRF:8
BRH:0
end_of_record
TN:
SF:src/components/Layout.tsx
FN:16,(anonymous_0)
FN:20,(anonymous_1)
FN:30,(anonymous_2)
FN:32,(anonymous_3)
FN:39,(anonymous_4)
FN:58,(anonymous_5)
FN:66,(anonymous_6)
FN:67,(anonymous_7)
FN:79,(anonymous_8)
FN:100,(anonymous_9)
FN:114,(anonymous_10)
FN:118,(anonymous_11)
FN:119,(anonymous_12)
FN:186,(anonymous_13)
FN:190,(anonymous_14)
FN:249,(anonymous_15)
FNF:16
FNH:0
FNDA:0,(anonymous_0)
FNDA:0,(anonymous_1)
FNDA:0,(anonymous_2)
FNDA:0,(anonymous_3)
FNDA:0,(anonymous_4)
FNDA:0,(anonymous_5)
FNDA:0,(anonymous_6)
FNDA:0,(anonymous_7)
FNDA:0,(anonymous_8)
FNDA:0,(anonymous_9)
FNDA:0,(anonymous_10)
FNDA:0,(anonymous_11)
FNDA:0,(anonymous_12)
FNDA:0,(anonymous_13)
FNDA:0,(anonymous_14)
FNDA:0,(anonymous_15)
DA:16,0
DA:17,0
DA:18,0
DA:19,0
DA:20,0
DA:21,0
DA:22,0
DA:23,0
DA:24,0
DA:27,0
DA:30,0
DA:32,0
DA:33,0
DA:34,0
DA:35,0
DA:39,0
DA:40,0
DA:41,0
DA:45,0
DA:58,0
DA:59,0
DA:60,0
DA:62,0
DA:66,0
DA:67,0
DA:68,0
DA:71,0
DA:79,0
DA:100,0
DA:115,0
DA:118,0
DA:120,0
DA:187,0
DA:191,0
DA:250,0
DA:251,0
LF:36
LH:0
BRDA:40,0,0,0
BRDA:40,0,1,0
BRDA:59,1,0,0
BRDA:59,1,1,0
BRDA:67,2,0,0
BRDA:67,2,1,0
BRDA:76,3,0,0
BRDA:76,3,1,0
BRDA:88,4,0,0
BRDA:88,4,1,0
BRDA:121,5,0,0
BRDA:121,5,1,0
BRDA:129,6,0,0
BRDA:129,6,1,0
BRDA:129,6,2,0
BRDA:192,7,0,0
BRDA:192,7,1,0
BRDA:200,8,0,0
BRDA:200,8,1,0
BRDA:200,8,2,0
BRF:20
BRH:0
end_of_record
TN:
SF:src/components/LazyLoadingFallback.tsx
FN:9,(anonymous_0)
FN:42,(anonymous_1)
FN:49,(anonymous_2)
FN:56,(anonymous_3)
FN:63,(anonymous_4)
FN:71,(anonymous_5)
FN:83,(anonymous_6)
FNF:7
FNH:0
FNDA:0,(anonymous_0)
FNDA:0,(anonymous_1)
FNDA:0,(anonymous_2)
FNDA:0,(anonymous_3)
FNDA:0,(anonymous_4)
FNDA:0,(anonymous_5)
FNDA:0,(anonymous_6)
DA:9,0
DA:14,0
DA:42,0
DA:43,0
DA:49,0
DA:50,0
DA:56,0
DA:57,0
DA:63,0
DA:64,0
DA:71,0
DA:72,0
DA:84,0
LF:13
LH:0
BRDA:10,0,0,0
BRDA:11,1,0,0
BRDA:12,2,0,0
BRDA:21,3,0,0
BRDA:21,3,1,0
BRDA:74,4,0,0
BRDA:74,4,1,0
BRF:7
BRH:0
end_of_record
TN:
SF:src/components/LoadingSpinner.tsx
FN:8,(anonymous_0)
FNF:1
FNH:0
FNDA:0,(anonymous_0)
DA:8,0
DA:12,0
DA:18,0
LF:3
LH:0
BRDA:9,0,0,0
BRDA:10,1,0,0
BRDA:24,2,0,0
BRDA:24,2,1,0
BRF:4
BRH:0
end_of_record
TN:
SF:src/components/NewsMonitoringDashboard.tsx
FN:26,(anonymous_0)
FN:40,(anonymous_1)
FN:41,(anonymous_2)
FN:112,(anonymous_3)
FN:119,(anonymous_4)
FN:120,(anonymous_5)
FN:133,(anonymous_6)
FN:159,(anonymous_7)
FN:168,(anonymous_8)
FN:171,(anonymous_9)
FN:175,(anonymous_10)
FN:185,(anonymous_11)
FN:198,(anonymous_12)
FN:226,(anonymous_13)
FN:244,(anonymous_14)
FN:250,(anonymous_15)
FN:259,(anonymous_16)
FN:266,(anonymous_17)
FN:286,(anonymous_18)
FN:290,(anonymous_19)
FN:303,(anonymous_20)
FN:322,(anonymous_21)
FN:339,(anonymous_22)
FN:382,(anonymous_23)
FN:438,(anonymous_24)
FNF:25
FNH:0
FNDA:0,(anonymous_0)
FNDA:0,(anonymous_1)
FNDA:0,(anonymous_2)
FNDA:0,(anonymous_3)
FNDA:0,(anonymous_4)
FNDA:0,(anonymous_5)
FNDA:0,(anonymous_6)
FNDA:0,(anonymous_7)
FNDA:0,(anonymous_8)
FNDA:0,(anonymous_9)
FNDA:0,(anonymous_10)
FNDA:0,(anonymous_11)
FNDA:0,(anonymous_12)
FNDA:0,(anonymous_13)
FNDA:0,(anonymous_14)
FNDA:0,(anonymous_15)
FNDA:0,(anonymous_16)
FNDA:0,(anonymous_17)
FNDA:0,(anonymous_18)
FNDA:0,(anonymous_19)
FNDA:0,(anonymous_20)
FNDA:0,(anonymous_21)
FNDA:0,(anonymous_22)
FNDA:0,(anonymous_23)
FNDA:0,(anonymous_24)
DA:26,0
DA:31,0
DA:32,0
DA:33,0
DA:34,0
DA:35,0
DA:36,0
DA:37,0
DA:40,0
DA:41,0
DA:42,0
DA:45,0
DA:109,0
DA:112,0
DA:115,0
DA:118,0
DA:119,0
DA:120,0
DA:121,0
DA:122,0
DA:124,0
DA:126,0
DA:129,0
DA:133,0
DA:135,0
DA:136,0
DA:140,0
DA:141,0
DA:145,0
DA:146,0
DA:148,0
DA:150,0
DA:152,0
DA:154,0
DA:159,0
DA:161,0
DA:162,0
DA:165,0
DA:168,0
DA:169,0
DA:171,0
DA:172,0
DA:175,0
DA:176,0
DA:177,0
DA:178,0
DA:179,0
DA:180,0
DA:181,0
DA:182,0
DA:185,0
DA:186,0
DA:188,0
DA:190,0
DA:192,0
DA:194,0
DA:198,0
DA:199,0
DA:200,0
DA:201,0
DA:204,0
DA:205,0
DA:214,0
DA:226,0
DA:244,0
DA:251,0
DA:252,0
DA:259,0
DA:266,0
DA:286,0
DA:291,0
DA:303,0
DA:322,0
DA:340,0
DA:341,0
DA:343,0
DA:383,0
DA:438,0
LF:78
LH:0
BRDA:48,0,0,0
BRDA:48,0,1,0
BRDA:60,1,0,0
BRDA:60,1,1,0
BRDA:72,2,0,0
BRDA:72,2,1,0
BRDA:84,3,0,0
BRDA:84,3,1,0
BRDA:96,4,0,0
BRDA:96,4,1,0
BRDA:112,5,0,0
BRDA:112,5,1,0
BRDA:135,6,0,0
BRDA:135,6,1,0
BRDA:135,7,0,0
BRDA:135,7,1,0
BRDA:140,8,0,0
BRDA:140,8,1,0
BRDA:140,9,0,0
BRDA:140,9,1,0
BRDA:146,10,0,0
BRDA:146,10,1,0
BRDA:146,10,2,0
BRDA:146,10,3,0
BRDA:161,11,0,0
BRDA:161,11,1,0
BRDA:161,12,0,0
BRDA:161,12,1,0
BRDA:162,13,0,0
BRDA:162,13,1,0
BRDA:177,14,0,0
BRDA:177,14,1,0
BRDA:178,15,0,0
BRDA:178,15,1,0
BRDA:179,16,0,0
BRDA:179,16,1,0
BRDA:181,17,0,0
BRDA:181,17,1,0
BRDA:186,18,0,0
BRDA:186,18,1,0
BRDA:186,18,2,0
BRDA:186,18,3,0
BRDA:199,19,0,0
BRDA:199,19,1,0
BRDA:200,20,0,0
BRDA:200,20,1,0
BRDA:204,21,0,0
BRDA:204,21,1,0
BRDA:235,22,0,0
BRDA:235,22,1,0
BRDA:244,23,0,0
BRDA:244,23,1,0
BRDA:266,24,0,0
BRDA:266,24,1,0
BRDA:341,25,0,0
BRDA:341,25,1,0
BRDA:351,26,0,0
BRDA:351,26,1,0
BRDA:352,27,0,0
BRDA:352,27,1,0
BRDA:354,28,0,0
BRDA:354,28,1,0
BRDA:355,29,0,0
BRDA:355,29,1,0
BRDA:372,30,0,0
BRDA:372,30,1,0
BRDA:390,31,0,0
BRDA:390,31,1,0
BRDA:390,32,0,0
BRDA:390,32,1,0
BRDA:391,33,0,0
BRDA:391,33,1,0
BRDA:393,34,0,0
BRDA:393,34,1,0
BRDA:395,35,0,0
BRDA:395,35,1,0
BRDA:413,36,0,0
BRDA:413,36,1,0
BRDA:419,37,0,0
BRDA:419,37,1,0
BRDA:419,37,2,0
BRDA:451,38,0,0
BRDA:451,38,1,0
BRF:83
BRH:0
end_of_record
TN:
SF:src/components/OptimizedImage.tsx
FN:19,(anonymous_0)
FN:41,(anonymous_1)
FN:48,(anonymous_2)
FN:49,(anonymous_3)
FN:65,(anonymous_4)
FN:69,(anonymous_5)
FN:85,(anonymous_6)
FN:91,(anonymous_7)
FN:98,(anonymous_8)
FN:105,(anonymous_9)
FN:117,(anonymous_10)
FN:207,useImagePreloader
FN:208,(anonymous_12)
FN:209,(anonymous_13)
FN:210,(anonymous_14)
FN:219,(anonymous_15)
FN:221,(anonymous_16)
FN:225,(anonymous_17)
FN:239,(anonymous_18)
FN:243,(anonymous_19)
FN:249,(anonymous_20)
FNF:21
FNH:0
FNDA:0,(anonymous_0)
FNDA:0,(anonymous_1)
FNDA:0,(anonymous_2)
FNDA:0,(anonymous_3)
FNDA:0,(anonymous_4)
FNDA:0,(anonymous_5)
FNDA:0,(anonymous_6)
FNDA:0,(anonymous_7)
FNDA:0,(anonymous_8)
FNDA:0,(anonymous_9)
FNDA:0,(anonymous_10)
FNDA:0,useImagePreloader
FNDA:0,(anonymous_12)
FNDA:0,(anonymous_13)
FNDA:0,(anonymous_14)
FNDA:0,(anonymous_15)
FNDA:0,(anonymous_16)
FNDA:0,(anonymous_17)
FNDA:0,(anonymous_18)
FNDA:0,(anonymous_19)
FNDA:0,(anonymous_20)
DA:19,0
DA:34,0
DA:35,0
DA:36,0
DA:37,0
DA:38,0
DA:41,0
DA:42,0
DA:43,0
DA:44,0
DA:47,0
DA:49,0
DA:50,0
DA:51,0
DA:52,0
DA:61,0
DA:62,0
DA:65,0
DA:69,0
DA:70,0
DA:71,0
DA:72,0
DA:73,0
DA:74,0
DA:75,0
DA:76,0
DA:78,0
DA:79,0
DA:81,0
DA:85,0
DA:86,0
DA:87,0
DA:88,0
DA:91,0
DA:92,0
DA:93,0
DA:94,0
DA:98,0
DA:99,0
DA:102,0
DA:103,0
DA:104,0
DA:106,0
DA:107,0
DA:108,0
DA:113,0
DA:117,0
DA:118,0
DA:120,0
DA:124,0
DA:126,0
DA:208,0
DA:209,0
DA:210,0
DA:211,0
DA:212,0
DA:213,0
DA:214,0
DA:219,0
DA:220,0
DA:221,0
DA:222,0
DA:225,0
DA:226,0
DA:239,0
DA:240,0
DA:241,0
DA:243,0
DA:244,0
DA:247,0
DA:248,0
DA:249,0
DA:250,0
DA:251,0
DA:255,0
LF:75
LH:0
BRDA:22,0,0,0
BRDA:25,1,0,0
BRDA:26,2,0,0
BRDA:27,3,0,0
BRDA:42,4,0,0
BRDA:42,4,1,0
BRDA:42,5,0,0
BRDA:42,5,1,0
BRDA:42,5,2,0
BRDA:50,6,0,0
BRDA:50,6,1,0
BRDA:61,7,0,0
BRDA:61,7,1,0
BRDA:70,8,0,0
BRDA:70,8,1,0
BRDA:70,9,0,0
BRDA:70,9,1,0
BRDA:75,10,0,0
BRDA:75,10,1,0
BRDA:78,11,0,0
BRDA:78,11,1,0
BRDA:99,12,0,0
BRDA:99,12,1,0
BRDA:102,13,0,0
BRDA:102,13,1,0
BRDA:102,14,0,0
BRDA:102,14,1,0
BRDA:118,15,0,0
BRDA:118,15,1,0
BRDA:131,16,0,0
BRDA:131,16,1,0
BRDA:132,17,0,0
BRDA:132,17,1,0
BRDA:133,18,0,0
BRDA:133,18,1,0
BRDA:137,19,0,0
BRDA:137,19,1,0
BRDA:137,19,2,0
BRDA:141,20,0,0
BRDA:141,20,1,0
BRDA:151,21,0,0
BRDA:151,21,1,0
BRDA:173,22,0,0
BRDA:173,22,1,0
BRDA:173,22,2,0
BRDA:186,23,0,0
BRDA:186,23,1,0
BRDA:191,24,0,0
BRDA:191,24,1,0
BRDA:192,25,0,0
BRDA:192,25,1,0
BRDA:199,26,0,0
BRDA:199,26,1,0
BRDA:199,26,2,0
BRDA:199,26,3,0
BRDA:220,27,0,0
BRDA:220,27,1,0
BRDA:240,28,0,0
BRDA:240,28,1,0
BRDA:244,29,0,0
BRDA:244,29,1,0
BRDA:262,30,0,0
BRDA:262,30,1,0
BRDA:262,31,0,0
BRDA:262,31,1,0
BRDA:266,32,0,0
BRDA:266,32,1,0
BRF:67
BRH:0
end_of_record
TN:
SF:src/components/PrivacyConsentBanner.tsx
FN:9,(anonymous_0)
FN:16,(anonymous_1)
FN:24,(anonymous_2)
FN:40,(anonymous_3)
FN:56,(anonymous_4)
FN:82,(anonymous_5)
FN:132,(anonymous_6)
FN:211,(anonymous_7)
FN:237,(anonymous_8)
FN:263,(anonymous_9)
FN:285,(anonymous_10)
FN:298,(anonymous_11)
FNF:12
FNH:0
FNDA:0,(anonymous_0)
FNDA:0,(anonymous_1)
FNDA:0,(anonymous_2)
FNDA:0,(anonymous_3)
FNDA:0,(anonymous_4)
FNDA:0,(anonymous_5)
FNDA:0,(anonymous_6)
FNDA:0,(anonymous_7)
FNDA:0,(anonymous_8)
FNDA:0,(anonymous_9)
FNDA:0,(anonymous_10)
FNDA:0,(anonymous_11)
DA:9,0
DA:10,0
DA:11,0
DA:12,0
DA:16,0
DA:18,0
DA:19,0
DA:20,0
DA:24,0
DA:25,0
DA:35,0
DA:36,0
DA:37,0
DA:40,0
DA:41,0
DA:51,0
DA:52,0
DA:53,0
DA:56,0
DA:57,0
DA:61,0
DA:62,0
DA:63,0
DA:66,0
DA:68,0
DA:82,0
DA:132,0
DA:211,0
DA:237,0
DA:263,0
DA:285,0
DA:298,0
LF:32
LH:0
BRDA:19,0,0,0
BRDA:19,0,1,0
BRDA:66,1,0,0
BRDA:66,1,1,0
BRDA:89,2,0,0
BRDA:89,2,1,0
BRF:6
BRH:0
end_of_record
TN:
SF:src/components/ProtectedRoute.tsx
FN:10,(anonymous_0)
FN:14,(anonymous_1)
FN:63,(anonymous_2)
FN:69,(anonymous_3)
FNF:4
FNH:0
FNDA:0,(anonymous_0)
FNDA:0,(anonymous_1)
FNDA:0,(anonymous_2)
FNDA:0,(anonymous_3)
DA:10,0
DA:14,0
DA:17,0
DA:18,0
DA:29,0
DA:30,0
DA:34,0
DA:35,0
DA:42,0
DA:43,0
DA:45,0
DA:46,0
DA:63,0
DA:69,0
DA:83,0
LF:15
LH:0
BRDA:17,0,0,0
BRDA:17,0,1,0
BRDA:29,1,0,0
BRDA:29,1,1,0
BRDA:34,2,0,0
BRDA:34,2,1,0
BRDA:34,3,0,0
BRDA:34,3,1,0
BRDA:45,4,0,0
BRDA:45,4,1,0
BRF:10
BRH:0
end_of_record
TN:
SF:src/components/PublicLayout.tsx
FN:8,(anonymous_0)
FNF:1
FNH:0
FNDA:0,(anonymous_0)
DA:8,0
DA:9,0
LF:2
LH:0
BRF:0
BRH:0
end_of_record
TN:
SF:src/components/PublicRoute.tsx
FN:9,(anonymous_0)
FN:10,(anonymous_1)
FNF:2
FNH:0
FNDA:0,(anonymous_0)
FNDA:0,(anonymous_1)
DA:9,0
DA:10,0
DA:13,0
DA:14,0
DA:25,0
DA:26,0
DA:30,0
LF:7
LH:0
BRDA:13,0,0,0
BRDA:13,0,1,0
BRDA:25,1,0,0
BRDA:25,1,1,0
BRF:4
BRH:0
end_of_record
TN:
SF:src/components/SEO.tsx
FN:16,(anonymous_0)
FNF:1
FNH:0
FNDA:0,(anonymous_0)
DA:16,0
DA:25,0
DA:28,0
DA:39,0
DA:41,0
LF:5
LH:0
BRDA:21,0,0,0
BRDA:34,1,0,0
BRDA:34,1,1,0
BRDA:39,2,0,0
BRDA:39,2,1,0
BRDA:46,3,0,0
BRDA:46,3,1,0
BRDA:47,4,0,0
BRDA:47,4,1,0
BRDA:50,5,0,0
BRDA:50,5,1,0
BRDA:51,6,0,0
BRDA:51,6,1,0
BRDA:52,7,0,0
BRDA:52,7,1,0
BRDA:54,8,0,0
BRDA:54,8,1,0
BRDA:59,9,0,0
BRDA:59,9,1,0
BRDA:60,10,0,0
BRDA:60,10,1,0
BRDA:60,10,2,0
BRDA:61,11,0,0
BRDA:61,11,1,0
BRDA:61,11,2,0
BRDA:62,12,0,0
BRDA:62,12,1,0
BRDA:62,12,2,0
BRDA:63,13,0,0
BRDA:63,13,1,0
BRDA:65,14,0,0
BRDA:65,14,1,0
BRDA:66,15,0,0
BRDA:66,15,1,0
BRDA:81,16,0,0
BRDA:81,16,1,0
BRF:36
BRH:0
end_of_record
TN:
SF:src/components/SentryErrorBoundary.tsx
FN:10,(anonymous_0)
FN:28,(anonymous_1)
FNF:2
FNH:0
FNDA:0,(anonymous_0)
FNDA:0,(anonymous_1)
DA:9,0
DA:11,0
DA:30,0
DA:31,0
LF:4
LH:0
BRDA:16,0,0,0
BRDA:16,0,1,0
BRF:2
BRH:0
end_of_record
TN:
SF:src/components/SkeletonScreens.tsx
FN:9,(anonymous_0)
FN:14,(anonymous_1)
FN:37,(anonymous_2)
FN:51,(anonymous_3)
FN:63,(anonymous_4)
FN:65,(anonymous_5)
FN:80,(anonymous_6)
FN:100,(anonymous_7)
FN:115,(anonymous_8)
FN:131,(anonymous_9)
FN:141,(anonymous_10)
FN:164,(anonymous_11)
FN:179,(anonymous_12)
FN:190,(anonymous_13)
FN:194,(anonymous_14)
FN:203,(anonymous_15)
FN:211,(anonymous_16)
FN:225,(anonymous_17)
FN:239,(anonymous_18)
FN:241,(anonymous_19)
FN:252,(anonymous_20)
FN:259,(anonymous_21)
FN:265,(anonymous_22)
FN:268,(anonymous_23)
FNF:24
FNH:0
FNDA:0,(anonymous_0)
FNDA:0,(anonymous_1)
FNDA:0,(anonymous_2)
FNDA:0,(anonymous_3)
FNDA:0,(anonymous_4)
FNDA:0,(anonymous_5)
FNDA:0,(anonymous_6)
FNDA:0,(anonymous_7)
FNDA:0,(anonymous_8)
FNDA:0,(anonymous_9)
FNDA:0,(anonymous_10)
FNDA:0,(anonymous_11)
FNDA:0,(anonymous_12)
FNDA:0,(anonymous_13)
FNDA:0,(anonymous_14)
FNDA:0,(anonymous_15)
FNDA:0,(anonymous_16)
FNDA:0,(anonymous_17)
FNDA:0,(anonymous_18)
FNDA:0,(anonymous_19)
FNDA:0,(anonymous_20)
FNDA:0,(anonymous_21)
FNDA:0,(anonymous_22)
FNDA:0,(anonymous_23)
DA:9,0
DA:10,0
DA:14,0
DA:15,0
DA:37,0
DA:38,0
DA:52,0
DA:63,0
DA:64,0
DA:66,0
DA:80,0
DA:81,0
DA:101,0
DA:116,0
DA:131,0
DA:132,0
DA:142,0
DA:164,0
DA:165,0
DA:180,0
DA:190,0
DA:191,0
DA:195,0
DA:204,0
DA:211,0
DA:212,0
DA:226,0
DA:239,0
DA:240,0
DA:242,0
DA:252,0
DA:256,0
DA:260,0
DA:266,0
DA:269,0
LF:35
LH:0
BRDA:9,0,0,0
BRDA:239,1,0,0
BRDA:253,2,0,0
BRDA:254,3,0,0
BRDA:271,4,0,0
BRDA:271,4,1,0
BRF:6
BRH:0
end_of_record
TN:
SF:src/components/TemplateSelector.tsx
FN:12,(anonymous_0)
FN:24,(anonymous_1)
FN:29,(anonymous_2)
FN:34,(anonymous_3)
FN:41,(anonymous_4)
FN:42,(anonymous_5)
FN:47,(anonymous_6)
FN:48,(anonymous_7)
FN:52,(anonymous_8)
FN:79,(anonymous_9)
FN:82,(anonymous_10)
FN:86,(anonymous_11)
FN:90,(anonymous_12)
FN:109,(anonymous_13)
FN:118,(anonymous_14)
FN:121,(anonymous_15)
FN:143,(anonymous_16)
FN:166,(anonymous_17)
FN:174,(anonymous_18)
FN:183,(anonymous_19)
FN:224,(anonymous_20)
FN:237,(anonymous_21)
FN:266,(anonymous_22)
FNF:23
FNH:0
FNDA:0,(anonymous_0)
FNDA:0,(anonymous_1)
FNDA:0,(anonymous_2)
FNDA:0,(anonymous_3)
FNDA:0,(anonymous_4)
FNDA:0,(anonymous_5)
FNDA:0,(anonymous_6)
FNDA:0,(anonymous_7)
FNDA:0,(anonymous_8)
FNDA:0,(anonymous_9)
FNDA:0,(anonymous_10)
FNDA:0,(anonymous_11)
FNDA:0,(anonymous_12)
FNDA:0,(anonymous_13)
FNDA:0,(anonymous_14)
FNDA:0,(anonymous_15)
FNDA:0,(anonymous_16)
FNDA:0,(anonymous_17)
FNDA:0,(anonymous_18)
FNDA:0,(anonymous_19)
FNDA:0,(anonymous_20)
FNDA:0,(anonymous_21)
FNDA:0,(anonymous_22)
DA:12,0
DA:19,0
DA:20,0
DA:21,0
DA:24,0
DA:25,0
DA:28,0
DA:29,0
DA:33,0
DA:34,0
DA:37,0
DA:41,0
DA:42,0
DA:47,0
DA:48,0
DA:52,0
DA:53,0
DA:55,0
DA:57,0
DA:59,0
DA:61,0
DA:63,0
DA:65,0
DA:67,0
DA:69,0
DA:71,0
DA:73,0
DA:75,0
DA:79,0
DA:80,0
DA:82,0
DA:86,0
DA:87,0
DA:90,0
DA:91,0
DA:92,0
DA:95,0
DA:109,0
DA:119,0
DA:121,0
DA:143,0
DA:167,0
DA:174,0
DA:183,0
DA:225,0
DA:238,0
DA:266,0
LF:47
LH:0
BRDA:17,0,0,0
BRDA:28,1,0,0
BRDA:28,1,1,0
BRDA:28,2,0,0
BRDA:28,2,1,0
BRDA:33,3,0,0
BRDA:33,3,1,0
BRDA:53,4,0,0
BRDA:53,4,1,0
BRDA:53,4,2,0
BRDA:53,4,3,0
BRDA:53,4,4,0
BRDA:53,4,5,0
BRDA:53,4,6,0
BRDA:53,4,7,0
BRDA:53,4,8,0
BRDA:53,4,9,0
BRDA:53,4,10,0
BRDA:92,5,0,0
BRDA:92,5,1,0
BRDA:101,6,0,0
BRDA:101,6,1,0
BRDA:106,7,0,0
BRDA:106,7,1,0
BRDA:111,8,0,0
BRDA:111,8,1,0
BRDA:123,9,0,0
BRDA:123,9,1,0
BRDA:139,10,0,0
BRDA:139,10,1,0
BRDA:153,11,0,0
BRDA:153,11,1,0
BRDA:164,12,0,0
BRDA:164,12,1,0
BRDA:170,13,0,0
BRDA:170,13,1,0
BRDA:186,14,0,0
BRDA:186,14,1,0
BRDA:188,15,0,0
BRDA:188,15,1,0
BRDA:204,16,0,0
BRDA:204,16,1,0
BRDA:207,17,0,0
BRDA:207,17,1,0
BRDA:216,18,0,0
BRDA:216,18,1,0
BRDA:220,19,0,0
BRDA:220,19,1,0
BRDA:230,20,0,0
BRDA:230,20,1,0
BRDA:233,21,0,0
BRDA:233,21,1,0
BRDA:233,21,2,0
BRDA:259,22,0,0
BRDA:259,22,1,0
BRDA:264,23,0,0
BRDA:264,23,1,0
BRDA:277,24,0,0
BRDA:277,24,1,0
BRDA:277,24,2,0
BRF:60
BRH:0
end_of_record
TN:
SF:src/components/Toast.tsx
FN:17,(anonymous_0)
FN:20,(anonymous_1)
FN:23,(anonymous_2)
FN:26,(anonymous_3)
FN:31,(anonymous_4)
FN:39,(anonymous_5)
FN:42,(anonymous_6)
FN:47,(anonymous_7)
FN:48,(anonymous_8)
FN:49,(anonymous_9)
FN:52,(anonymous_10)
FN:55,(anonymous_11)
FN:56,(anonymous_12)
FN:62,(anonymous_13)
FN:63,(anonymous_14)
FN:67,(anonymous_15)
FN:98,(anonymous_16)
FN:119,(anonymous_17)
FN:141,(anonymous_18)
FNF:19
FNH:0
FNDA:0,(anonymous_0)
FNDA:0,(anonymous_1)
FNDA:0,(anonymous_2)
FNDA:0,(anonymous_3)
FNDA:0,(anonymous_4)
FNDA:0,(anonymous_5)
FNDA:0,(anonymous_6)
FNDA:0,(anonymous_7)
FNDA:0,(anonymous_8)
FNDA:0,(anonymous_9)
FNDA:0,(anonymous_10)
FNDA:0,(anonymous_11)
FNDA:0,(anonymous_12)
FNDA:0,(anonymous_13)
FNDA:0,(anonymous_14)
FNDA:0,(anonymous_15)
FNDA:0,(anonymous_16)
FNDA:0,(anonymous_17)
FNDA:0,(anonymous_18)
DA:12,0
DA:13,0
DA:16,0
DA:18,0
DA:21,0
DA:24,0
DA:27,0
DA:31,0
DA:32,0
DA:38,0
DA:39,0
DA:42,0
DA:43,0
DA:47,0
DA:48,0
DA:49,0
DA:52,0
DA:53,0
DA:55,0
DA:56,0
DA:57,0
DA:60,0
DA:62,0
DA:63,0
DA:67,0
DA:68,0
DA:70,0
DA:76,0
DA:82,0
DA:88,0
DA:94,0
DA:98,0
DA:99,0
DA:101,0
DA:103,0
DA:105,0
DA:107,0
DA:109,0
DA:113,0
DA:114,0
DA:117,0
DA:120,0
DA:141,0
LF:43
LH:0
BRDA:35,0,0,0
BRDA:35,0,1,0
BRDA:68,1,0,0
BRDA:68,1,1,0
BRDA:68,1,2,0
BRDA:68,1,3,0
BRDA:68,1,4,0
BRDA:99,2,0,0
BRDA:99,2,1,0
BRDA:99,2,2,0
BRDA:99,2,3,0
BRDA:99,2,4,0
BRDA:113,3,0,0
BRDA:113,3,1,0
BRDA:132,4,0,0
BRDA:132,4,1,0
BRF:16
BRH:0
end_of_record
TN:
SF:src/components/TrialBanner.tsx
FN:10,(anonymous_0)
FNF:1
FNH:0
FNDA:0,(anonymous_0)
DA:10,0
DA:11,0
DA:13,0
DA:14,0
DA:16,0
LF:5
LH:0
BRDA:11,0,0,0
BRDA:11,0,1,0
BRDA:13,1,0,0
BRDA:13,1,1,0
BRDA:14,2,0,0
BRDA:14,2,1,0
BRDA:24,3,0,0
BRDA:24,3,1,0
BRF:8
BRH:0
end_of_record
TN:
SF:src/components/VoiceProfileVisualization.tsx
FN:11,(anonymous_0)
FN:21,(anonymous_1)
FN:30,(anonymous_2)
FN:40,(anonymous_3)
FN:44,(anonymous_4)
FN:62,(anonymous_5)
FN:123,(anonymous_6)
FN:147,(anonymous_7)
FN:172,(anonymous_8)
FN:204,(anonymous_9)
FN:226,(anonymous_10)
FN:248,(anonymous_11)
FN:249,(anonymous_12)
FNF:13
FNH:0
FNDA:0,(anonymous_0)
FNDA:0,(anonymous_1)
FNDA:0,(anonymous_2)
FNDA:0,(anonymous_3)
FNDA:0,(anonymous_4)
FNDA:0,(anonymous_5)
FNDA:0,(anonymous_6)
FNDA:0,(anonymous_7)
FNDA:0,(anonymous_8)
FNDA:0,(anonymous_9)
FNDA:0,(anonymous_10)
FNDA:0,(anonymous_11)
FNDA:0,(anonymous_12)
DA:11,0
DA:17,0
DA:18,0
DA:21,0
DA:22,0
DA:23,0
DA:24,0
DA:25,0
DA:26,0
DA:30,0
DA:31,0
DA:32,0
DA:33,0
DA:34,0
DA:35,0
DA:39,0
DA:40,0
DA:43,0
DA:44,0
DA:47,0
DA:48,0
DA:63,0
DA:82,0
DA:124,0
DA:148,0
DA:173,0
DA:204,0
DA:205,0
DA:222,0
DA:226,0
DA:227,0
DA:244,0
DA:248,0
DA:249,0
DA:250,0
DA:252,0
LF:36
LH:0
BRDA:14,0,0,0
BRDA:15,1,0,0
BRDA:22,2,0,0
BRDA:22,2,1,0
BRDA:23,3,0,0
BRDA:23,3,1,0
BRDA:24,4,0,0
BRDA:24,4,1,0
BRDA:25,5,0,0
BRDA:25,5,1,0
BRDA:31,6,0,0
BRDA:31,6,1,0
BRDA:32,7,0,0
BRDA:32,7,1,0
BRDA:33,8,0,0
BRDA:33,8,1,0
BRDA:34,9,0,0
BRDA:34,9,1,0
BRDA:41,10,0,0
BRDA:41,10,1,0
BRDA:45,11,0,0
BRDA:45,11,1,0
BRDA:47,12,0,0
BRDA:47,12,1,0
BRDA:206,13,0,0
BRDA:206,13,1,0
BRDA:207,14,0,0
BRDA:207,14,1,0
BRDA:208,15,0,0
BRDA:208,15,1,0
BRDA:209,16,0,0
BRDA:209,16,1,0
BRDA:210,17,0,0
BRDA:210,17,1,0
BRDA:211,18,0,0
BRDA:211,18,1,0
BRDA:212,19,0,0
BRDA:212,19,1,0
BRDA:213,20,0,0
BRDA:213,20,1,0
BRDA:214,21,0,0
BRDA:214,21,1,0
BRDA:215,22,0,0
BRDA:215,22,1,0
BRDA:216,23,0,0
BRDA:216,23,1,0
BRDA:217,24,0,0
BRDA:217,24,1,0
BRDA:218,25,0,0
BRDA:218,25,1,0
BRDA:219,26,0,0
BRDA:219,26,1,0
BRDA:222,27,0,0
BRDA:222,27,1,0
BRDA:244,28,0,0
BRDA:244,28,1,0
BRF:56
BRH:0
end_of_record
TN:
SF:src/components/VoiceRecorder.tsx
FN:15,(anonymous_0)
FN:42,(anonymous_1)
FN:59,(anonymous_2)
FN:75,(anonymous_3)
FN:89,(anonymous_4)
FN:94,(anonymous_5)
FN:97,(anonymous_6)
FN:114,(anonymous_7)
FN:137,(anonymous_8)
FN:143,(anonymous_9)
FN:165,(anonymous_10)
FN:166,(anonymous_11)
FN:184,(anonymous_12)
FN:200,(anonymous_13)
FN:211,(anonymous_14)
FN:218,(anonymous_15)
FN:227,(anonymous_16)
FN:240,(anonymous_17)
FN:252,(anonymous_18)
FN:259,(anonymous_19)
FN:270,(anonymous_20)
FN:277,(anonymous_21)
FN:341,(anonymous_22)
FN:354,(anonymous_23)
FNF:24
FNH:0
FNDA:0,(anonymous_0)
FNDA:0,(anonymous_1)
FNDA:0,(anonymous_2)
FNDA:0,(anonymous_3)
FNDA:0,(anonymous_4)
FNDA:0,(anonymous_5)
FNDA:0,(anonymous_6)
FNDA:0,(anonymous_7)
FNDA:0,(anonymous_8)
FNDA:0,(anonymous_9)
FNDA:0,(anonymous_10)
FNDA:0,(anonymous_11)
FNDA:0,(anonymous_12)
FNDA:0,(anonymous_13)
FNDA:0,(anonymous_14)
FNDA:0,(anonymous_15)
FNDA:0,(anonymous_16)
FNDA:0,(anonymous_17)
FNDA:0,(anonymous_18)
FNDA:0,(anonymous_19)
FNDA:0,(anonymous_20)
FNDA:0,(anonymous_21)
FNDA:0,(anonymous_22)
FNDA:0,(anonymous_23)
DA:15,0
DA:23,0
DA:24,0
DA:25,0
DA:26,0
DA:27,0
DA:28,0
DA:29,0
DA:31,0
DA:32,0
DA:33,0
DA:34,0
DA:35,0
DA:36,0
DA:37,0
DA:38,0
DA:39,0
DA:42,0
DA:43,0
DA:44,0
DA:45,0
DA:48,0
DA:49,0
DA:50,0
DA:53,0
DA:54,0
DA:55,0
DA:58,0
DA:59,0
DA:60,0
DA:63,0
DA:64,0
DA:65,0
DA:68,0
DA:69,0
DA:70,0
DA:75,0
DA:76,0
DA:77,0
DA:78,0
DA:79,0
DA:81,0
DA:82,0
DA:84,0
DA:85,0
DA:87,0
DA:89,0
DA:90,0
DA:91,0
DA:94,0
DA:95,0
DA:97,0
DA:98,0
DA:100,0
DA:103,0
DA:107,0
DA:109,0
DA:114,0
DA:115,0
DA:116,0
DA:117,0
DA:119,0
DA:127,0
DA:130,0
DA:134,0
DA:135,0
DA:137,0
DA:138,0
DA:139,0
DA:143,0
DA:144,0
DA:145,0
DA:147,0
DA:148,0
DA:150,0
DA:151,0
DA:155,0
DA:158,0
DA:159,0
DA:160,0
DA:161,0
DA:162,0
DA:165,0
DA:166,0
DA:167,0
DA:168,0
DA:169,0
DA:170,0
DA:172,0
DA:177,0
DA:178,0
DA:179,0
DA:184,0
DA:185,0
DA:186,0
DA:188,0
DA:189,0
DA:190,0
DA:193,0
DA:194,0
DA:195,0
DA:199,0
DA:200,0
DA:204,0
DA:205,0
DA:211,0
DA:212,0
DA:213,0
DA:214,0
DA:215,0
DA:218,0
DA:219,0
DA:220,0
DA:227,0
DA:228,0
DA:229,0
DA:230,0
DA:232,0
DA:233,0
DA:234,0
DA:240,0
DA:241,0
DA:242,0
DA:243,0
DA:244,0
DA:245,0
DA:246,0
DA:247,0
DA:248,0
DA:252,0
DA:253,0
DA:254,0
DA:259,0
DA:260,0
DA:261,0
DA:263,0
DA:264,0
DA:265,0
DA:270,0
DA:271,0
DA:272,0
DA:273,0
DA:277,0
DA:278,0
DA:281,0
DA:342,0
DA:355,0
LF:147
LH:0
BRDA:19,0,0,0
BRDA:20,1,0,0
BRDA:21,2,0,0
BRDA:43,3,0,0
BRDA:43,3,1,0
BRDA:48,4,0,0
BRDA:48,4,1,0
BRDA:53,5,0,0
BRDA:53,5,1,0
BRDA:58,6,0,0
BRDA:58,6,1,0
BRDA:63,7,0,0
BRDA:63,7,1,0
BRDA:68,8,0,0
BRDA:68,8,1,0
BRDA:90,9,0,0
BRDA:90,9,1,0
BRDA:90,10,0,0
BRDA:90,10,1,0
BRDA:138,11,0,0
BRDA:138,11,1,0
BRDA:168,12,0,0
BRDA:168,12,1,0
BRDA:185,13,0,0
BRDA:185,13,1,0
BRDA:185,14,0,0
BRDA:185,14,1,0
BRDA:188,15,0,0
BRDA:188,15,1,0
BRDA:193,16,0,0
BRDA:193,16,1,0
BRDA:199,17,0,0
BRDA:199,17,1,0
BRDA:204,18,0,0
BRDA:204,18,1,0
BRDA:212,19,0,0
BRDA:212,19,1,0
BRDA:212,20,0,0
BRDA:212,20,1,0
BRDA:219,21,0,0
BRDA:219,21,1,0
BRDA:228,22,0,0
BRDA:228,22,1,0
BRDA:232,23,0,0
BRDA:232,23,1,0
BRDA:253,24,0,0
BRDA:253,24,1,0
BRDA:263,25,0,0
BRDA:263,25,1,0
BRDA:284,26,0,0
BRDA:284,26,1,0
BRDA:294,27,0,0
BRDA:294,27,1,0
BRDA:305,28,0,0
BRDA:305,28,1,0
BRDA:311,29,0,0
BRDA:311,29,1,0
BRDA:317,30,0,0
BRDA:317,30,1,0
BRDA:323,31,0,0
BRDA:323,31,1,0
BRDA:332,32,0,0
BRDA:332,32,1,0
BRDA:333,33,0,0
BRDA:333,33,1,0
BRDA:333,33,2,0
BRDA:339,34,0,0
BRDA:339,34,1,0
BRDA:350,35,0,0
BRDA:350,35,1,0
BRDA:350,36,0,0
BRDA:350,36,1,0
BRDA:358,37,0,0
BRDA:358,37,1,0
BRDA:358,38,0,0
BRDA:358,38,1,0
BRDA:378,39,0,0
BRDA:378,39,1,0
BRDA:382,40,0,0
BRDA:382,40,1,0
BRDA:392,41,0,0
BRDA:392,41,1,0
BRDA:403,42,0,0
BRDA:403,42,1,0
BRDA:410,43,0,0
BRDA:410,43,1,0
BRDA:420,44,0,0
BRDA:420,44,1,0
BRDA:420,44,2,0
BRDA:422,45,0,0
BRDA:422,45,1,0
BRDA:432,46,0,0
BRDA:432,46,1,0
BRDA:463,47,0,0
BRDA:463,47,1,0
BRF:95
BRH:0
end_of_record
TN:
SF:src/components/accessibility/AccessibilityAudit.tsx
FN:16,(anonymous_0)
FN:26,(anonymous_1)
FN:32,(anonymous_2)
FN:45,(anonymous_3)
FN:62,(anonymous_4)
FN:83,(anonymous_5)
FN:165,(anonymous_6)
FN:172,(anonymous_7)
FN:173,(anonymous_8)
FN:176,(anonymous_9)
FN:181,(anonymous_10)
FN:188,(anonymous_11)
FN:199,(anonymous_12)
FN:200,(anonymous_13)
FN:201,(anonymous_14)
FN:209,(anonymous_15)
FN:246,(anonymous_16)
FNF:17
FNH:0
FNDA:0,(anonymous_0)
FNDA:0,(anonymous_1)
FNDA:0,(anonymous_2)
FNDA:0,(anonymous_3)
FNDA:0,(anonymous_4)
FNDA:0,(anonymous_5)
FNDA:0,(anonymous_6)
FNDA:0,(anonymous_7)
FNDA:0,(anonymous_8)
FNDA:0,(anonymous_9)
FNDA:0,(anonymous_10)
FNDA:0,(anonymous_11)
FNDA:0,(anonymous_12)
FNDA:0,(anonymous_13)
FNDA:0,(anonymous_14)
FNDA:0,(anonymous_15)
FNDA:0,(anonymous_16)
DA:16,0
DA:17,0
DA:18,0
DA:19,0
DA:22,0
DA:23,0
DA:26,0
DA:27,0
DA:28,0
DA:31,0
DA:32,0
DA:33,0
DA:34,0
DA:44,0
DA:45,0
DA:46,0
DA:47,0
DA:48,0
DA:50,0
DA:51,0
DA:61,0
DA:62,0
DA:63,0
DA:64,0
DA:65,0
DA:67,0
DA:68,0
DA:69,0
DA:70,0
DA:81,0
DA:82,0
DA:83,0
DA:84,0
DA:85,0
DA:86,0
DA:93,0
DA:97,0
DA:98,0
DA:102,0
DA:106,0
DA:107,0
DA:115,0
DA:116,0
DA:118,0
DA:119,0
DA:126,0
DA:127,0
DA:135,0
DA:136,0
DA:144,0
DA:145,0
DA:153,0
DA:154,0
DA:160,0
DA:161,0
DA:165,0
DA:166,0
DA:167,0
DA:172,0
DA:173,0
DA:174,0
DA:175,0
DA:176,0
DA:180,0
DA:181,0
DA:184,0
DA:185,0
DA:188,0
DA:199,0
DA:200,0
DA:201,0
DA:203,0
DA:209,0
DA:247,0
LF:74
LH:0
BRDA:22,0,0,0
BRDA:22,0,1,0
BRDA:33,1,0,0
BRDA:33,1,1,0
BRDA:33,2,0,0
BRDA:33,2,1,0
BRDA:50,3,0,0
BRDA:50,3,1,0
BRDA:50,4,0,0
BRDA:50,4,1,0
BRDA:50,4,2,0
BRDA:67,5,0,0
BRDA:67,5,1,0
BRDA:69,6,0,0
BRDA:69,6,1,0
BRDA:69,7,0,0
BRDA:69,7,1,0
BRDA:69,7,2,0
BRDA:85,8,0,0
BRDA:85,8,1,0
BRDA:106,9,0,0
BRDA:106,9,1,0
BRDA:118,10,0,0
BRDA:118,10,1,0
BRDA:126,11,0,0
BRDA:126,11,1,0
BRDA:135,12,0,0
BRDA:135,12,1,0
BRDA:144,13,0,0
BRDA:144,13,1,0
BRDA:153,14,0,0
BRDA:153,14,1,0
BRDA:166,15,0,0
BRDA:166,15,1,0
BRDA:174,16,0,0
BRDA:174,16,1,0
BRDA:174,17,0,0
BRDA:174,17,1,0
BRDA:174,17,2,0
BRDA:184,18,0,0
BRDA:184,18,1,0
BRDA:217,19,0,0
BRDA:217,19,1,0
BRDA:223,20,0,0
BRDA:223,20,1,0
BRDA:229,21,0,0
BRDA:229,21,1,0
BRDA:239,22,0,0
BRDA:239,22,1,0
BRDA:250,23,0,0
BRDA:250,23,1,0
BRDA:252,24,0,0
BRDA:252,24,1,0
BRDA:254,25,0,0
BRDA:254,25,1,0
BRDA:261,26,0,0
BRDA:261,26,1,0
BRDA:262,27,0,0
BRDA:262,27,1,0
BRDA:263,28,0,0
BRDA:263,28,1,0
BRDA:264,29,0,0
BRDA:264,29,1,0
BRDA:268,30,0,0
BRDA:268,30,1,0
BRDA:270,31,0,0
BRDA:270,31,1,0
BRDA:272,32,0,0
BRDA:272,32,1,0
BRDA:278,33,0,0
BRDA:278,33,1,0
BRDA:281,34,0,0
BRDA:281,34,1,0
BRDA:298,35,0,0
BRDA:298,35,1,0
BRF:75
BRH:0
end_of_record
TN:
SF:src/components/accessibility/FormField.tsx
FN:20,(anonymous_0)
FN:75,(anonymous_1)
FN:108,(anonymous_2)
FN:141,(anonymous_3)
FN:159,(anonymous_4)
FN:179,(anonymous_5)
FN:232,(anonymous_6)
FN:266,(anonymous_7)
FN:275,(anonymous_8)
FNF:9
FNH:0
FNDA:0,(anonymous_0)
FNDA:0,(anonymous_1)
FNDA:0,(anonymous_2)
FNDA:0,(anonymous_3)
FNDA:0,(anonymous_4)
FNDA:0,(anonymous_5)
FNDA:0,(anonymous_6)
FNDA:0,(anonymous_7)
FNDA:0,(anonymous_8)
DA:20,0
DA:29,0
DA:35,0
DA:74,0
DA:76,0
DA:78,0
DA:99,0
DA:107,0
DA:109,0
DA:111,0
DA:131,0
DA:140,0
DA:142,0
DA:144,0
DA:160,0
DA:170,0
DA:178,0
DA:180,0
DA:181,0
DA:186,0
DA:218,0
DA:232,0
DA:243,0
DA:244,0
DA:250,0
DA:267,0
DA:275,0
LF:27
LH:0
BRDA:26,0,0,0
BRDA:42,1,0,0
BRDA:42,1,1,0
BRDA:47,2,0,0
BRDA:47,2,1,0
BRDA:56,3,0,0
BRDA:56,3,1,0
BRDA:59,4,0,0
BRDA:59,4,1,0
BRDA:75,5,0,0
BRDA:76,6,0,0
BRDA:76,6,1,0
BRDA:90,7,0,0
BRDA:90,7,1,0
BRDA:108,8,0,0
BRDA:109,9,0,0
BRDA:109,9,1,0
BRDA:122,10,0,0
BRDA:122,10,1,0
BRDA:141,11,0,0
BRDA:142,12,0,0
BRDA:142,12,1,0
BRDA:155,13,0,0
BRDA:155,13,1,0
BRDA:179,14,0,0
BRDA:180,15,0,0
BRDA:180,15,1,0
BRDA:202,16,0,0
BRDA:202,16,1,0
BRDA:207,17,0,0
BRDA:207,17,1,0
BRDA:241,18,0,0
BRDA:254,19,0,0
BRDA:254,19,1,0
BRDA:259,20,0,0
BRDA:259,20,1,0
BRDA:286,21,0,0
BRDA:286,21,1,0
BRDA:294,22,0,0
BRDA:294,22,1,0
BRF:40
BRH:0
end_of_record
TN:
SF:src/components/accessibility/KeyboardShortcuts.tsx
FN:25,(anonymous_0)
FN:34,(anonymous_1)
FN:46,(anonymous_2)
FN:55,(anonymous_3)
FN:64,(anonymous_4)
FN:73,(anonymous_5)
FN:79,(anonymous_6)
FN:86,(anonymous_7)
FN:87,(anonymous_8)
FN:98,(anonymous_9)
FN:99,(anonymous_10)
FN:105,(anonymous_11)
FN:122,(anonymous_12)
FN:133,(anonymous_13)
FN:140,(anonymous_14)
FN:147,(anonymous_15)
FNF:16
FNH:0
FNDA:0,(anonymous_0)
FNDA:0,(anonymous_1)
FNDA:0,(anonymous_2)
FNDA:0,(anonymous_3)
FNDA:0,(anonymous_4)
FNDA:0,(anonymous_5)
FNDA:0,(anonymous_6)
FNDA:0,(anonymous_7)
FNDA:0,(anonymous_8)
FNDA:0,(anonymous_9)
FNDA:0,(anonymous_10)
FNDA:0,(anonymous_11)
FNDA:0,(anonymous_12)
FNDA:0,(anonymous_13)
FNDA:0,(anonymous_14)
FNDA:0,(anonymous_15)
DA:25,0
DA:26,0
DA:27,0
DA:28,0
DA:30,0
DA:35,0
DA:36,0
DA:37,0
DA:38,0
DA:47,0
DA:48,0
DA:56,0
DA:57,0
DA:65,0
DA:66,0
DA:73,0
DA:80,0
DA:86,0
DA:87,0
DA:88,0
DA:94,0
DA:95,0
DA:98,0
DA:99,0
DA:100,0
DA:105,0
DA:106,0
DA:108,0
DA:109,0
DA:110,0
DA:111,0
DA:113,0
DA:115,0
DA:118,0
DA:122,0
DA:133,0
DA:141,0
DA:148,0
LF:38
LH:0
BRDA:36,0,0,0
BRDA:36,0,1,0
BRDA:108,1,0,0
BRDA:108,1,1,0
BRDA:109,2,0,0
BRDA:109,2,1,0
BRDA:110,3,0,0
BRDA:110,3,1,0
BRDA:111,4,0,0
BRDA:111,4,1,0
BRDA:149,5,0,0
BRDA:149,5,1,0
BRF:12
BRH:0
end_of_record
TN:
SF:src/components/accessibility/LiveRegion.tsx
FN:17,(anonymous_0)
FNF:1
FNH:0
FNDA:0,(anonymous_0)
DA:17,0
DA:24,0
DA:26,0
LF:3
LH:0
BRDA:19,0,0,0
BRDA:20,1,0,0
BRDA:21,2,0,0
BRDA:22,3,0,0
BRDA:24,4,0,0
BRDA:24,4,1,0
BRF:6
BRH:0
end_of_record
TN:
SF:src/components/accessibility/Modal.tsx
FN:23,(anonymous_0)
FN:44,(anonymous_1)
FN:53,(anonymous_2)
FN:60,(anonymous_3)
FNF:4
FNH:0
FNDA:0,(anonymous_0)
FNDA:0,(anonymous_1)
FNDA:0,(anonymous_2)
FNDA:0,(anonymous_3)
DA:23,0
DA:34,0
DA:35,0
DA:38,0
DA:41,0
DA:44,0
DA:45,0
DA:46,0
DA:48,0
DA:53,0
DA:54,0
DA:55,0
DA:57,0
DA:60,0
DA:61,0
DA:65,0
DA:67,0
DA:74,0
LF:18
LH:0
BRDA:29,0,0,0
BRDA:30,1,0,0
BRDA:31,2,0,0
BRDA:45,3,0,0
BRDA:45,3,1,0
BRDA:54,4,0,0
BRDA:54,4,1,0
BRDA:65,5,0,0
BRDA:65,5,1,0
BRDA:80,6,0,0
BRDA:80,6,1,0
BRDA:92,7,0,0
BRDA:92,7,1,0
BRDA:104,8,0,0
BRDA:104,8,1,0
BRDA:113,9,0,0
BRDA:113,9,1,0
BRDA:132,10,0,0
BRDA:132,10,1,0
BRF:19
BRH:0
end_of_record
TN:
SF:src/components/accessibility/SkipLinks.tsx
FN:9,(anonymous_0)
FN:10,(anonymous_1)
FN:20,(anonymous_2)
FN:31,(anonymous_3)
FNF:4
FNH:0
FNDA:0,(anonymous_0)
FNDA:0,(anonymous_1)
FNDA:0,(anonymous_2)
FNDA:0,(anonymous_3)
DA:9,0
DA:10,0
DA:11,0
DA:12,0
DA:13,0
DA:14,0
DA:15,0
DA:16,0
DA:20,0
DA:21,0
DA:22,0
DA:23,0
DA:24,0
DA:25,0
DA:26,0
DA:31,0
DA:32,0
DA:33,0
DA:34,0
DA:35,0
DA:39,0
LF:21
LH:0
BRDA:12,0,0,0
BRDA:12,0,1,0
BRDA:13,1,0,0
BRDA:13,1,1,0
BRDA:22,2,0,0
BRDA:22,2,1,0
BRDA:23,3,0,0
BRDA:23,3,1,0
BRDA:25,4,0,0
BRDA:25,4,1,0
BRDA:33,5,0,0
BRDA:33,5,1,0
BRDA:34,6,0,0
BRDA:34,6,1,0
BRF:14
BRH:0
end_of_record
TN:
SF:src/components/calendar/ContentCalendar.tsx
FN:66,(anonymous_0)
FN:70,(anonymous_1)
FN:113,(anonymous_2)
FN:125,(anonymous_3)
FN:135,(anonymous_4)
FN:145,(anonymous_5)
FN:170,(anonymous_6)
FN:176,(anonymous_7)
FN:180,(anonymous_8)
FN:207,(anonymous_9)
FN:214,(anonymous_10)
FN:224,(anonymous_11)
FN:225,(anonymous_12)
FN:226,(anonymous_13)
FN:241,(anonymous_14)
FN:283,(anonymous_15)
FN:290,(anonymous_16)
FN:292,(anonymous_17)
FN:296,(anonymous_18)
FN:304,(anonymous_19)
FN:310,(anonymous_20)
FN:341,(anonymous_21)
FN:350,(anonymous_22)
FN:358,(anonymous_23)
FN:369,(anonymous_24)
FN:379,(anonymous_25)
FN:389,(anonymous_26)
FN:406,(anonymous_27)
FN:421,(anonymous_28)
FN:431,(anonymous_29)
FN:438,(anonymous_30)
FN:439,(anonymous_31)
FN:454,(anonymous_32)
FN:466,(anonymous_33)
FN:478,(anonymous_34)
FNF:35
FNH:0
FNDA:0,(anonymous_0)
FNDA:0,(anonymous_1)
FNDA:0,(anonymous_2)
FNDA:0,(anonymous_3)
FNDA:0,(anonymous_4)
FNDA:0,(anonymous_5)
FNDA:0,(anonymous_6)
FNDA:0,(anonymous_7)
FNDA:0,(anonymous_8)
FNDA:0,(anonymous_9)
FNDA:0,(anonymous_10)
FNDA:0,(anonymous_11)
FNDA:0,(anonymous_12)
FNDA:0,(anonymous_13)
FNDA:0,(anonymous_14)
FNDA:0,(anonymous_15)
FNDA:0,(anonymous_16)
FNDA:0,(anonymous_17)
FNDA:0,(anonymous_18)
FNDA:0,(anonymous_19)
FNDA:0,(anonymous_20)
FNDA:0,(anonymous_21)
FNDA:0,(anonymous_22)
FNDA:0,(anonymous_23)
FNDA:0,(anonymous_24)
FNDA:0,(anonymous_25)
FNDA:0,(anonymous_26)
FNDA:0,(anonymous_27)
FNDA:0,(anonymous_28)
FNDA:0,(anonymous_29)
FNDA:0,(anonymous_30)
FNDA:0,(anonymous_31)
FNDA:0,(anonymous_32)
FNDA:0,(anonymous_33)
FNDA:0,(anonymous_34)
DA:50,0
DA:66,0
DA:67,0
DA:68,0
DA:70,0
DA:71,0
DA:73,0
DA:75,0
DA:77,0
DA:79,0
DA:83,0
DA:114,0
DA:115,0
DA:126,0
DA:127,0
DA:136,0
DA:137,0
DA:146,0
DA:147,0
DA:170,0
DA:171,0
DA:172,0
DA:174,0
DA:177,0
DA:180,0
DA:208,0
DA:215,0
DA:224,0
DA:225,0
DA:226,0
DA:241,0
DA:242,0
DA:252,0
DA:283,0
DA:284,0
DA:285,0
DA:286,0
DA:290,0
DA:291,0
DA:292,0
DA:296,0
DA:297,0
DA:300,0
DA:304,0
DA:305,0
DA:307,0
DA:308,0
DA:310,0
DA:311,0
DA:319,0
DA:321,0
DA:341,0
DA:350,0
DA:358,0
DA:369,0
DA:379,0
DA:389,0
DA:406,0
DA:422,0
DA:432,0
DA:438,0
DA:439,0
DA:454,0
DA:466,0
DA:478,0
LF:65
LH:0
BRDA:71,0,0,0
BRDA:71,0,1,0
BRDA:71,0,2,0
BRDA:71,0,3,0
BRDA:87,1,0,0
BRDA:87,1,1,0
BRDA:88,2,0,0
BRDA:88,2,1,0
BRDA:104,3,0,0
BRDA:104,3,1,0
BRDA:122,4,0,0
BRDA:122,4,1,0
BRDA:172,5,0,0
BRDA:172,5,1,0
BRDA:183,6,0,0
BRDA:183,6,1,0
BRDA:184,7,0,0
BRDA:184,7,1,0
BRDA:185,8,0,0
BRDA:185,8,1,0
BRDA:186,9,0,0
BRDA:186,9,1,0
BRDA:187,10,0,0
BRDA:187,10,1,0
BRDA:194,11,0,0
BRDA:194,11,1,0
BRDA:195,12,0,0
BRDA:195,12,1,0
BRDA:199,13,0,0
BRDA:199,13,1,0
BRDA:297,14,0,0
BRDA:297,14,1,0
BRDA:305,15,0,0
BRDA:305,15,1,0
BRDA:311,16,0,0
BRDA:311,16,1,0
BRDA:371,17,0,0
BRDA:371,17,1,0
BRDA:381,18,0,0
BRDA:381,18,1,0
BRDA:391,19,0,0
BRDA:391,19,1,0
BRDA:417,20,0,0
BRDA:417,20,1,0
BRDA:437,21,0,0
BRDA:437,21,1,0
BRF:46
BRH:0
end_of_record
TN:
SF:src/components/feedback/FeedbackModal.tsx
FN:16,(anonymous_0)
FN:34,(anonymous_1)
FN:72,(anonymous_2)
FN:87,(anonymous_3)
FN:97,(anonymous_4)
FN:100,(anonymous_5)
FN:128,(anonymous_6)
FN:131,(anonymous_7)
FN:151,(anonymous_8)
FN:168,(anonymous_9)
FN:210,(anonymous_10)
FN:232,(anonymous_11)
FNF:12
FNH:0
FNDA:0,(anonymous_0)
FNDA:0,(anonymous_1)
FNDA:0,(anonymous_2)
FNDA:0,(anonymous_3)
FNDA:0,(anonymous_4)
FNDA:0,(anonymous_5)
FNDA:0,(anonymous_6)
FNDA:0,(anonymous_7)
FNDA:0,(anonymous_8)
FNDA:0,(anonymous_9)
FNDA:0,(anonymous_10)
FNDA:0,(anonymous_11)
DA:16,0
DA:24,0
DA:25,0
DA:26,0
DA:27,0
DA:28,0
DA:29,0
DA:30,0
DA:32,0
DA:34,0
DA:35,0
DA:36,0
DA:37,0
DA:38,0
DA:41,0
DA:42,0
DA:43,0
DA:44,0
DA:47,0
DA:48,0
DA:49,0
DA:50,0
DA:53,0
DA:54,0
DA:55,0
DA:57,0
DA:68,0
DA:70,0
DA:71,0
DA:72,0
DA:73,0
DA:75,0
DA:76,0
DA:77,0
DA:80,0
DA:81,0
DA:84,0
DA:87,0
DA:88,0
DA:89,0
DA:98,0
DA:100,0
DA:121,0
DA:122,0
DA:129,0
DA:131,0
DA:148,0
DA:151,0
DA:152,0
DA:154,0
DA:156,0
DA:158,0
DA:160,0
DA:162,0
DA:164,0
DA:168,0
DA:169,0
DA:170,0
DA:173,0
DA:175,0
DA:177,0
DA:179,0
DA:183,0
DA:210,0
DA:232,0
LF:65
LH:0
BRDA:19,0,0,0
BRDA:32,1,0,0
BRDA:32,1,1,0
BRDA:35,2,0,0
BRDA:35,2,1,0
BRDA:41,3,0,0
BRDA:41,3,1,0
BRDA:47,4,0,0
BRDA:47,4,1,0
BRDA:47,5,0,0
BRDA:47,5,1,0
BRDA:47,5,2,0
BRDA:60,6,0,0
BRDA:60,6,1,0
BRDA:60,7,0,0
BRDA:60,7,1,0
BRDA:70,8,0,0
BRDA:70,8,1,0
BRDA:80,9,0,0
BRDA:80,9,1,0
BRDA:88,10,0,0
BRDA:88,10,1,0
BRDA:102,11,0,0
BRDA:102,11,1,0
BRDA:103,12,0,0
BRDA:103,12,1,0
BRDA:105,13,0,0
BRDA:105,13,1,0
BRDA:121,14,0,0
BRDA:121,14,1,0
BRDA:136,15,0,0
BRDA:136,15,1,0
BRDA:152,16,0,0
BRDA:152,16,1,0
BRDA:154,17,0,0
BRDA:154,17,1,0
BRDA:154,17,2,0
BRDA:154,17,3,0
BRDA:154,17,4,0
BRDA:169,18,0,0
BRDA:169,18,1,0
BRDA:169,19,0,0
BRDA:169,19,1,0
BRDA:173,20,0,0
BRDA:173,20,1,0
BRDA:173,20,2,0
BRDA:203,21,0,0
BRDA:203,21,1,0
BRDA:240,22,0,0
BRDA:240,22,1,0
BRDA:248,23,0,0
BRDA:248,23,1,0
BRDA:267,24,0,0
BRDA:267,24,1,0
BRDA:270,25,0,0
BRDA:270,25,1,0
BRF:56
BRH:0
end_of_record
TN:
SF:src/components/feedback/FeedbackTrigger.tsx
FN:17,(anonymous_0)
FN:31,(anonymous_1)
FN:34,(anonymous_2)
FN:45,(anonymous_3)
FN:49,(anonymous_4)
FN:56,(anonymous_5)
FN:64,(anonymous_6)
FN:87,(anonymous_7)
FN:111,(anonymous_8)
FN:156,(anonymous_9)
FNF:10
FNH:0
FNDA:0,(anonymous_0)
FNDA:0,(anonymous_1)
FNDA:0,(anonymous_2)
FNDA:0,(anonymous_3)
FNDA:0,(anonymous_4)
FNDA:0,(anonymous_5)
FNDA:0,(anonymous_6)
FNDA:0,(anonymous_7)
FNDA:0,(anonymous_8)
FNDA:0,(anonymous_9)
DA:17,0
DA:25,0
DA:26,0
DA:27,0
DA:28,0
DA:29,0
DA:31,0
DA:32,0
DA:34,0
DA:36,0
DA:38,0
DA:39,0
DA:40,0
DA:41,0
DA:45,0
DA:46,0
DA:49,0
DA:53,0
DA:56,0
DA:57,0
DA:58,0
DA:61,0
DA:64,0
DA:65,0
DA:66,0
DA:67,0
DA:71,0
DA:74,0
DA:75,0
DA:87,0
DA:98,0
DA:99,0
DA:111,0
DA:122,0
DA:123,0
DA:156,0
DA:166,0
LF:37
LH:0
BRDA:19,0,0,0
BRDA:22,1,0,0
BRDA:23,2,0,0
BRDA:32,3,0,0
BRDA:32,3,1,0
BRDA:32,4,0,0
BRDA:32,4,1,0
BRDA:38,5,0,0
BRDA:38,5,1,0
BRDA:39,6,0,0
BRDA:39,6,1,0
BRDA:66,7,0,0
BRDA:66,7,1,0
BRDA:71,8,0,0
BRDA:71,8,1,0
BRDA:71,9,0,0
BRDA:71,9,1,0
BRDA:74,10,0,0
BRDA:74,10,1,0
BRDA:98,11,0,0
BRDA:98,11,1,0
BRDA:122,12,0,0
BRDA:122,12,1,0
BRDA:130,13,0,0
BRDA:130,13,1,0
BRF:25
BRH:0
end_of_record
TN:
SF:src/components/linkedin/LinkedInAnalytics.tsx
FN:72,(anonymous_0)
FN:79,(anonymous_1)
FN:83,(anonymous_2)
FN:115,(anonymous_3)
FN:119,(anonymous_4)
FN:124,(anonymous_5)
FN:127,(anonymous_6)
FN:134,(anonymous_7)
FN:137,(anonymous_8)
FN:143,(anonymous_9)
FN:146,(anonymous_10)
FN:164,(anonymous_11)
FN:185,(anonymous_12)
FN:188,(anonymous_13)
FN:339,(anonymous_14)
FN:363,(anonymous_15)
FN:390,(anonymous_16)
FNF:17
FNH:0
FNDA:0,(anonymous_0)
FNDA:0,(anonymous_1)
FNDA:0,(anonymous_2)
FNDA:0,(anonymous_3)
FNDA:0,(anonymous_4)
FNDA:0,(anonymous_5)
FNDA:0,(anonymous_6)
FNDA:0,(anonymous_7)
FNDA:0,(anonymous_8)
FNDA:0,(anonymous_9)
FNDA:0,(anonymous_10)
FNDA:0,(anonymous_11)
FNDA:0,(anonymous_12)
FNDA:0,(anonymous_13)
FNDA:0,(anonymous_14)
FNDA:0,(anonymous_15)
FNDA:0,(anonymous_16)
DA:5,0
DA:6,0
DA:7,0
DA:8,0
DA:9,0
DA:10,0
DA:11,0
DA:12,0
DA:72,0
DA:73,0
DA:74,0
DA:75,0
DA:76,0
DA:77,0
DA:79,0
DA:80,0
DA:83,0
DA:84,0
DA:85,0
DA:86,0
DA:99,0
DA:100,0
DA:102,0
DA:103,0
DA:105,0
DA:106,0
DA:109,0
DA:111,0
DA:115,0
DA:116,0
DA:119,0
DA:120,0
DA:121,0
DA:124,0
DA:125,0
DA:127,0
DA:134,0
DA:135,0
DA:137,0
DA:143,0
DA:144,0
DA:146,0
DA:153,0
DA:164,0
DA:186,0
DA:188,0
DA:340,0
DA:364,0
DA:391,0
LF:49
LH:0
BRDA:102,0,0,0
BRDA:102,0,1,0
BRDA:105,1,0,0
BRDA:105,1,1,0
BRDA:125,2,0,0
BRDA:125,2,1,0
BRDA:135,3,0,0
BRDA:135,3,1,0
BRDA:144,4,0,0
BRDA:144,4,1,0
BRDA:190,5,0,0
BRDA:190,5,1,0
BRDA:200,6,0,0
BRDA:200,6,1,0
BRDA:208,7,0,0
BRDA:208,7,1,0
BRDA:208,7,2,0
BRDA:262,8,0,0
BRDA:262,8,1,0
BRDA:311,9,0,0
BRDA:311,9,1,0
BRDA:311,9,2,0
BRDA:332,10,0,0
BRDA:332,10,1,0
BRDA:332,10,2,0
BRDA:357,11,0,0
BRDA:357,11,1,0
BRDA:357,11,2,0
BRDA:380,12,0,0
BRDA:380,12,1,0
BRDA:380,12,2,0
BRDA:383,13,0,0
BRDA:383,13,1,0
BRDA:383,13,2,0
BRDA:437,14,0,0
BRDA:437,14,1,0
BRDA:454,15,0,0
BRDA:454,15,1,0
BRDA:454,15,2,0
BRF:39
BRH:0
end_of_record
TN:
SF:src/components/linkedin/LinkedInPostButton.tsx
FN:13,(anonymous_0)
FN:26,(anonymous_1)
FN:30,(anonymous_2)
FN:39,(anonymous_3)
FN:61,(anonymous_4)
FN:93,(anonymous_5)
FN:119,(anonymous_6)
FN:140,(anonymous_7)
FN:171,(anonymous_8)
FN:183,(anonymous_9)
FN:214,(anonymous_10)
FNF:11
FNH:0
FNDA:0,(anonymous_0)
FNDA:0,(anonymous_1)
FNDA:0,(anonymous_2)
FNDA:0,(anonymous_3)
FNDA:0,(anonymous_4)
FNDA:0,(anonymous_5)
FNDA:0,(anonymous_6)
FNDA:0,(anonymous_7)
FNDA:0,(anonymous_8)
FNDA:0,(anonymous_9)
FNDA:0,(anonymous_10)
DA:13,0
DA:19,0
DA:20,0
DA:21,0
DA:22,0
DA:23,0
DA:24,0
DA:26,0
DA:27,0
DA:30,0
DA:31,0
DA:32,0
DA:33,0
DA:35,0
DA:39,0
DA:41,0
DA:42,0
DA:43,0
DA:44,0
DA:47,0
DA:48,0
DA:49,0
DA:50,0
DA:51,0
DA:52,0
DA:54,0
DA:55,0
DA:57,0
DA:61,0
DA:62,0
DA:63,0
DA:64,0
DA:67,0
DA:69,0
DA:70,0
DA:71,0
DA:77,0
DA:82,0
DA:83,0
DA:84,0
DA:86,0
DA:87,0
DA:89,0
DA:93,0
DA:94,0
DA:95,0
DA:96,0
DA:98,0
DA:99,0
DA:103,0
DA:104,0
DA:115,0
DA:119,0
DA:141,0
DA:142,0
DA:171,0
DA:183,0
DA:214,0
LF:58
LH:0
BRDA:17,0,0,0
BRDA:42,1,0,0
BRDA:42,1,1,0
BRDA:51,2,0,0
BRDA:51,2,1,0
BRDA:55,3,0,0
BRDA:55,3,1,0
BRDA:62,4,0,0
BRDA:62,4,1,0
BRDA:82,5,0,0
BRDA:82,5,1,0
BRDA:87,6,0,0
BRDA:87,6,1,0
BRDA:103,7,0,0
BRDA:103,7,1,0
BRDA:124,8,0,0
BRDA:124,8,1,0
BRDA:127,9,0,0
BRDA:127,9,1,0
BRDA:127,9,2,0
BRDA:156,10,0,0
BRDA:156,10,1,0
BRDA:221,11,0,0
BRDA:221,11,1,0
BRDA:224,12,0,0
BRDA:224,12,1,0
BRF:26
BRH:0
end_of_record
TN:
SF:src/components/linkedin/LinkedInPublisher.tsx
FN:30,(anonymous_0)
FN:54,(anonymous_1)
FN:61,(anonymous_2)
FN:75,(anonymous_3)
FN:89,(anonymous_4)
FN:133,(anonymous_5)
FN:136,(anonymous_6)
FN:143,(anonymous_7)
FN:147,(anonymous_8)
FN:149,(anonymous_9)
FN:152,(anonymous_10)
FN:157,(anonymous_11)
FN:161,(anonymous_12)
FN:181,(anonymous_13)
FN:230,(anonymous_14)
FN:312,(anonymous_15)
FN:316,(anonymous_16)
FN:336,(anonymous_17)
FN:353,(anonymous_18)
FN:366,(anonymous_19)
FN:383,(anonymous_20)
FN:434,(anonymous_21)
FN:435,(anonymous_22)
FN:471,(anonymous_23)
FN:497,(anonymous_24)
FNF:25
FNH:0
FNDA:0,(anonymous_0)
FNDA:0,(anonymous_1)
FNDA:0,(anonymous_2)
FNDA:0,(anonymous_3)
FNDA:0,(anonymous_4)
FNDA:0,(anonymous_5)
FNDA:0,(anonymous_6)
FNDA:0,(anonymous_7)
FNDA:0,(anonymous_8)
FNDA:0,(anonymous_9)
FNDA:0,(anonymous_10)
FNDA:0,(anonymous_11)
FNDA:0,(anonymous_12)
FNDA:0,(anonymous_13)
FNDA:0,(anonymous_14)
FNDA:0,(anonymous_15)
FNDA:0,(anonymous_16)
FNDA:0,(anonymous_17)
FNDA:0,(anonymous_18)
FNDA:0,(anonymous_19)
FNDA:0,(anonymous_20)
FNDA:0,(anonymous_21)
FNDA:0,(anonymous_22)
FNDA:0,(anonymous_23)
FNDA:0,(anonymous_24)
DA:5,0
DA:6,0
DA:7,0
DA:8,0
DA:9,0
DA:10,0
DA:30,0
DA:35,0
DA:36,0
DA:37,0
DA:38,0
DA:40,0
DA:41,0
DA:42,0
DA:43,0
DA:44,0
DA:45,0
DA:47,0
DA:54,0
DA:55,0
DA:56,0
DA:61,0
DA:62,0
DA:63,0
DA:68,0
DA:69,0
DA:71,0
DA:75,0
DA:76,0
DA:77,0
DA:82,0
DA:83,0
DA:85,0
DA:89,0
DA:90,0
DA:93,0
DA:94,0
DA:103,0
DA:104,0
DA:113,0
DA:114,0
DA:123,0
DA:124,0
DA:132,0
DA:133,0
DA:136,0
DA:137,0
DA:143,0
DA:147,0
DA:148,0
DA:149,0
DA:150,0
DA:152,0
DA:154,0
DA:157,0
DA:158,0
DA:161,0
DA:162,0
DA:164,0
DA:165,0
DA:170,0
DA:173,0
DA:174,0
DA:175,0
DA:178,0
DA:181,0
DA:182,0
DA:184,0
DA:185,0
DA:199,0
DA:201,0
DA:202,0
DA:207,0
DA:208,0
DA:209,0
DA:210,0
DA:212,0
DA:219,0
DA:225,0
DA:226,0
DA:230,0
DA:231,0
DA:241,0
DA:313,0
DA:316,0
DA:336,0
DA:353,0
DA:366,0
DA:384,0
DA:434,0
DA:436,0
DA:471,0
DA:497,0
LF:93
LH:0
BRDA:32,0,0,0
BRDA:97,1,0,0
BRDA:97,1,1,0
BRDA:103,2,0,0
BRDA:103,2,1,0
BRDA:107,3,0,0
BRDA:107,3,1,0
BRDA:113,4,0,0
BRDA:113,4,1,0
BRDA:117,5,0,0
BRDA:117,5,1,0
BRDA:127,6,0,0
BRDA:127,6,1,0
BRDA:148,7,0,0
BRDA:148,7,1,0
BRDA:164,8,0,0
BRDA:164,8,1,0
BRDA:173,9,0,0
BRDA:173,9,1,0
BRDA:195,10,0,0
BRDA:195,10,1,0
BRDA:201,11,0,0
BRDA:201,11,1,0
BRDA:214,12,0,0
BRDA:214,12,1,0
BRDA:249,13,0,0
BRDA:249,13,1,0
BRDA:266,14,0,0
BRDA:266,14,1,0
BRDA:276,15,0,0
BRDA:276,15,1,0
BRDA:284,16,0,0
BRDA:284,16,1,0
BRDA:318,17,0,0
BRDA:318,17,1,0
BRDA:361,18,0,0
BRDA:361,18,1,0
BRDA:376,19,0,0
BRDA:376,19,1,0
BRDA:385,20,0,0
BRDA:385,20,1,0
BRDA:390,21,0,0
BRDA:390,21,1,0
BRDA:401,22,0,0
BRDA:401,22,1,0
BRDA:410,23,0,0
BRDA:410,23,1,0
BRDA:410,23,2,0
BRDA:412,24,0,0
BRDA:412,24,1,0
BRDA:412,25,0,0
BRDA:412,25,1,0
BRDA:412,25,2,0
BRDA:417,26,0,0
BRDA:417,26,1,0
BRDA:423,27,0,0
BRDA:423,27,1,0
BRDA:450,28,0,0
BRDA:450,28,1,0
BRDA:488,29,0,0
BRDA:488,29,1,0
BRDA:490,30,0,0
BRDA:490,30,1,0
BRDA:491,31,0,0
BRDA:491,31,1,0
BRF:65
BRH:0
end_of_record
TN:
SF:src/components/linkedin/LinkedInQueue.tsx
FN:31,(anonymous_0)
FN:41,(anonymous_1)
FN:45,(anonymous_2)
FN:71,(anonymous_3)
FN:95,(anonymous_4)
FN:126,(anonymous_5)
FN:150,(anonymous_6)
FN:176,(anonymous_7)
FN:206,(anonymous_8)
FN:230,(anonymous_9)
FN:261,(anonymous_10)
FN:310,(anonymous_11)
FN:320,(anonymous_12)
FN:328,(anonymous_13)
FN:343,(anonymous_14)
FN:354,(anonymous_15)
FN:371,(anonymous_16)
FN:443,(anonymous_17)
FN:496,(anonymous_18)
FN:518,(anonymous_19)
FN:528,(anonymous_20)
FNF:21
FNH:0
FNDA:0,(anonymous_0)
FNDA:0,(anonymous_1)
FNDA:0,(anonymous_2)
FNDA:0,(anonymous_3)
FNDA:0,(anonymous_4)
FNDA:0,(anonymous_5)
FNDA:0,(anonymous_6)
FNDA:0,(anonymous_7)
FNDA:0,(anonymous_8)
FNDA:0,(anonymous_9)
FNDA:0,(anonymous_10)
FNDA:0,(anonymous_11)
FNDA:0,(anonymous_12)
FNDA:0,(anonymous_13)
FNDA:0,(anonymous_14)
FNDA:0,(anonymous_15)
FNDA:0,(anonymous_16)
FNDA:0,(anonymous_17)
FNDA:0,(anonymous_18)
FNDA:0,(anonymous_19)
FNDA:0,(anonymous_20)
DA:31,0
DA:32,0
DA:33,0
DA:34,0
DA:35,0
DA:36,0
DA:37,0
DA:38,0
DA:41,0
DA:42,0
DA:45,0
DA:46,0
DA:47,0
DA:48,0
DA:49,0
DA:50,0
DA:53,0
DA:59,0
DA:60,0
DA:61,0
DA:64,0
DA:65,0
DA:67,0
DA:71,0
DA:72,0
DA:73,0
DA:74,0
DA:81,0
DA:82,0
DA:83,0
DA:84,0
DA:86,0
DA:89,0
DA:91,0
DA:95,0
DA:96,0
DA:98,0
DA:99,0
DA:100,0
DA:109,0
DA:110,0
DA:111,0
DA:112,0
DA:113,0
DA:114,0
DA:115,0
DA:117,0
DA:120,0
DA:122,0
DA:126,0
DA:127,0
DA:128,0
DA:129,0
DA:136,0
DA:137,0
DA:138,0
DA:139,0
DA:141,0
DA:144,0
DA:146,0
DA:150,0
DA:151,0
DA:153,0
DA:154,0
DA:155,0
DA:162,0
DA:163,0
DA:164,0
DA:165,0
DA:167,0
DA:170,0
DA:172,0
DA:176,0
DA:177,0
DA:186,0
DA:195,0
DA:196,0
DA:198,0
DA:206,0
DA:207,0
DA:217,0
DA:230,0
DA:262,0
DA:310,0
DA:320,0
DA:329,0
DA:330,0
DA:343,0
DA:354,0
DA:372,0
DA:444,0
DA:496,0
DA:518,0
DA:529,0
DA:530,0
LF:95
LH:0
BRDA:49,0,0,0
BRDA:49,0,1,0
BRDA:60,1,0,0
BRDA:60,1,1,0
BRDA:82,2,0,0
BRDA:82,2,1,0
BRDA:96,3,0,0
BRDA:96,3,1,0
BRDA:96,4,0,0
BRDA:96,4,1,0
BRDA:110,5,0,0
BRDA:110,5,1,0
BRDA:137,6,0,0
BRDA:137,6,1,0
BRDA:151,7,0,0
BRDA:151,7,1,0
BRDA:163,8,0,0
BRDA:163,8,1,0
BRDA:195,9,0,0
BRDA:195,9,1,0
BRDA:200,10,0,0
BRDA:200,10,1,0
BRDA:250,11,0,0
BRDA:250,11,1,0
BRDA:255,12,0,0
BRDA:255,12,1,0
BRDA:270,13,0,0
BRDA:270,13,1,0
BRDA:288,14,0,0
BRDA:288,14,1,0
BRDA:294,15,0,0
BRDA:294,15,1,0
BRDA:294,15,2,0
BRDA:317,16,0,0
BRDA:317,16,1,0
BRDA:317,16,2,0
BRDA:341,17,0,0
BRDA:341,17,1,0
BRDA:352,18,0,0
BRDA:352,18,1,0
BRDA:366,19,0,0
BRDA:366,19,1,0
BRDA:366,19,2,0
BRDA:375,20,0,0
BRDA:375,20,1,0
BRDA:378,21,0,0
BRDA:378,21,1,0
BRDA:390,22,0,0
BRDA:390,22,1,0
BRDA:390,22,2,0
BRDA:400,23,0,0
BRDA:400,23,1,0
BRDA:439,24,0,0
BRDA:439,24,1,0
BRDA:439,24,2,0
BRDA:447,25,0,0
BRDA:447,25,1,0
BRDA:451,26,0,0
BRDA:451,26,1,0
BRDA:460,27,0,0
BRDA:460,27,1,0
BRDA:478,28,0,0
BRDA:478,28,1,0
BRDA:484,29,0,0
BRDA:484,29,1,0
BRDA:507,30,0,0
BRDA:507,30,1,0
BRDA:507,30,2,0
BRDA:538,31,0,0
BRDA:538,31,1,0
BRF:70
BRH:0
end_of_record
TN:
SF:src/components/linkedin/LinkedInSettings.tsx
FN:20,(anonymous_0)
FN:36,(anonymous_1)
FN:41,(anonymous_2)
FN:57,(anonymous_3)
FN:66,(anonymous_4)
FN:76,(anonymous_5)
FN:87,(anonymous_6)
FN:110,(anonymous_7)
FN:131,(anonymous_8)
FN:151,(anonymous_9)
FN:162,(anonymous_10)
FN:211,(anonymous_11)
FN:261,(anonymous_12)
FN:278,(anonymous_13)
FN:295,(anonymous_14)
FN:314,(anonymous_15)
FN:377,(anonymous_16)
FN:429,(anonymous_17)
FN:469,(anonymous_18)
FNF:19
FNH:0
FNDA:0,(anonymous_0)
FNDA:0,(anonymous_1)
FNDA:0,(anonymous_2)
FNDA:0,(anonymous_3)
FNDA:0,(anonymous_4)
FNDA:0,(anonymous_5)
FNDA:0,(anonymous_6)
FNDA:0,(anonymous_7)
FNDA:0,(anonymous_8)
FNDA:0,(anonymous_9)
FNDA:0,(anonymous_10)
FNDA:0,(anonymous_11)
FNDA:0,(anonymous_12)
FNDA:0,(anonymous_13)
FNDA:0,(anonymous_14)
FNDA:0,(anonymous_15)
FNDA:0,(anonymous_16)
FNDA:0,(anonymous_17)
FNDA:0,(anonymous_18)
DA:20,0
DA:21,0
DA:22,0
DA:23,0
DA:24,0
DA:25,0
DA:27,0
DA:36,0
DA:37,0
DA:38,0
DA:41,0
DA:42,0
DA:43,0
DA:44,0
DA:45,0
DA:51,0
DA:53,0
DA:57,0
DA:58,0
DA:59,0
DA:60,0
DA:62,0
DA:66,0
DA:67,0
DA:68,0
DA:69,0
DA:71,0
DA:72,0
DA:76,0
DA:77,0
DA:78,0
DA:79,0
DA:80,0
DA:81,0
DA:83,0
DA:87,0
DA:88,0
DA:89,0
DA:95,0
DA:96,0
DA:97,0
DA:98,0
DA:99,0
DA:100,0
DA:101,0
DA:103,0
DA:106,0
DA:110,0
DA:111,0
DA:112,0
DA:119,0
DA:120,0
DA:121,0
DA:122,0
DA:124,0
DA:127,0
DA:131,0
DA:132,0
DA:133,0
DA:142,0
DA:143,0
DA:144,0
DA:147,0
DA:151,0
DA:152,0
DA:162,0
DA:163,0
DA:164,0
DA:165,0
DA:167,0
DA:169,0
DA:170,0
DA:172,0
DA:173,0
DA:176,0
DA:211,0
DA:261,0
DA:278,0
DA:295,0
DA:314,0
DA:377,0
DA:429,0
DA:469,0
LF:83
LH:0
BRDA:95,0,0,0
BRDA:95,0,1,0
BRDA:120,1,0,0
BRDA:120,1,1,0
BRDA:143,2,0,0
BRDA:143,2,1,0
BRDA:167,3,0,0
BRDA:167,3,1,0
BRDA:172,4,0,0
BRDA:172,4,1,0
BRDA:185,5,0,0
BRDA:185,5,1,0
BRDA:198,6,0,0
BRDA:198,6,1,0
BRDA:218,7,0,0
BRDA:218,7,1,0
BRDA:218,7,2,0
BRDA:338,8,0,0
BRDA:338,8,1,0
BRDA:359,9,0,0
BRDA:359,9,1,0
BRDA:411,10,0,0
BRDA:411,10,1,0
BRDA:446,11,0,0
BRDA:446,11,1,0
BRF:25
BRH:0
end_of_record
TN:
SF:src/components/news/ContentFromNewsModal.tsx
FN:20,(anonymous_0)
FN:32,(anonymous_1)
FN:34,(anonymous_2)
FN:63,(anonymous_3)
FN:72,(anonymous_4)
FN:140,(anonymous_5)
FN:143,(anonymous_6)
FN:165,(anonymous_7)
FN:185,(anonymous_8)
FN:189,(anonymous_9)
FN:203,(anonymous_10)
FN:257,(anonymous_11)
FNF:12
FNH:0
FNDA:0,(anonymous_0)
FNDA:0,(anonymous_1)
FNDA:0,(anonymous_2)
FNDA:0,(anonymous_3)
FNDA:0,(anonymous_4)
FNDA:0,(anonymous_5)
FNDA:0,(anonymous_6)
FNDA:0,(anonymous_7)
FNDA:0,(anonymous_8)
FNDA:0,(anonymous_9)
FNDA:0,(anonymous_10)
FNDA:0,(anonymous_11)
DA:20,0
DA:25,0
DA:26,0
DA:27,0
DA:28,0
DA:29,0
DA:30,0
DA:32,0
DA:34,0
DA:35,0
DA:36,0
DA:37,0
DA:50,0
DA:51,0
DA:52,0
DA:54,0
DA:56,0
DA:57,0
DA:59,0
DA:63,0
DA:64,0
DA:68,0
DA:69,0
DA:72,0
DA:73,0
DA:77,0
DA:78,0
DA:81,0
DA:83,0
DA:84,0
DA:86,0
DA:141,0
DA:143,0
DA:166,0
DA:185,0
DA:190,0
DA:204,0
DA:205,0
DA:207,0
DA:208,0
DA:209,0
DA:258,0
DA:259,0
DA:260,0
LF:44
LH:0
BRDA:46,0,0,0
BRDA:46,0,1,0
BRDA:51,1,0,0
BRDA:51,1,1,0
BRDA:64,2,0,0
BRDA:64,2,1,0
BRDA:73,3,0,0
BRDA:73,3,1,0
BRDA:81,4,0,0
BRDA:81,4,1,0
BRDA:83,5,0,0
BRDA:83,5,1,0
BRDA:112,6,0,0
BRDA:112,6,1,0
BRDA:115,7,0,0
BRDA:115,7,1,0
BRDA:129,8,0,0
BRDA:129,8,1,0
BRDA:145,9,0,0
BRDA:145,9,1,0
BRDA:159,10,0,0
BRDA:159,10,1,0
BRDA:178,11,0,0
BRDA:178,11,1,0
BRDA:204,12,0,0
BRDA:204,12,1,0
BRDA:205,13,0,0
BRDA:205,13,1,0
BRDA:208,14,0,0
BRDA:208,14,1,0
BRDA:213,15,0,0
BRDA:213,15,1,0
BRDA:225,16,0,0
BRDA:225,16,1,0
BRDA:236,17,0,0
BRDA:236,17,1,0
BRDA:242,18,0,0
BRDA:242,18,1,0
BRF:38
BRH:0
end_of_record
TN:
SF:src/components/news/NewsDashboard.tsx
FN:56,(anonymous_0)
FN:99,(anonymous_1)
FN:108,(anonymous_2)
FN:118,(anonymous_3)
FN:128,(anonymous_4)
FN:148,(anonymous_5)
FN:186,(anonymous_6)
FN:191,(anonymous_7)
FN:198,(anonymous_8)
FN:215,(anonymous_9)
FN:232,(anonymous_10)
FN:246,(anonymous_11)
FN:260,(anonymous_12)
FN:275,(anonymous_13)
FN:286,(anonymous_14)
FN:300,(anonymous_15)
FN:313,(anonymous_16)
FN:326,(anonymous_17)
FN:328,(anonymous_18)
FN:372,(anonymous_19)
FN:377,(anonymous_20)
FN:379,(anonymous_21)
FN:379,(anonymous_22)
FN:383,(anonymous_23)
FN:388,(anonymous_24)
FN:389,(anonymous_25)
FN:397,(anonymous_26)
FN:406,(anonymous_27)
FN:407,(anonymous_28)
FN:408,(anonymous_29)
FN:487,(anonymous_30)
FN:497,(anonymous_31)
FN:507,(anonymous_32)
FN:596,(anonymous_33)
FN:597,(anonymous_34)
FNF:35
FNH:0
FNDA:0,(anonymous_0)
FNDA:0,(anonymous_1)
FNDA:0,(anonymous_2)
FNDA:0,(anonymous_3)
FNDA:0,(anonymous_4)
FNDA:0,(anonymous_5)
FNDA:0,(anonymous_6)
FNDA:0,(anonymous_7)
FNDA:0,(anonymous_8)
FNDA:0,(anonymous_9)
FNDA:0,(anonymous_10)
FNDA:0,(anonymous_11)
FNDA:0,(anonymous_12)
FNDA:0,(anonymous_13)
FNDA:0,(anonymous_14)
FNDA:0,(anonymous_15)
FNDA:0,(anonymous_16)
FNDA:0,(anonymous_17)
FNDA:0,(anonymous_18)
FNDA:0,(anonymous_19)
FNDA:0,(anonymous_20)
FNDA:0,(anonymous_21)
FNDA:0,(anonymous_22)
FNDA:0,(anonymous_23)
FNDA:0,(anonymous_24)
FNDA:0,(anonymous_25)
FNDA:0,(anonymous_26)
FNDA:0,(anonymous_27)
FNDA:0,(anonymous_28)
FNDA:0,(anonymous_29)
FNDA:0,(anonymous_30)
FNDA:0,(anonymous_31)
FNDA:0,(anonymous_32)
FNDA:0,(anonymous_33)
FNDA:0,(anonymous_34)
DA:51,0
DA:57,0
DA:59,0
DA:65,0
DA:99,0
DA:109,0
DA:110,0
DA:119,0
DA:120,0
DA:129,0
DA:130,0
DA:149,0
DA:182,0
DA:187,0
DA:188,0
DA:189,0
DA:191,0
DA:192,0
DA:193,0
DA:194,0
DA:195,0
DA:198,0
DA:199,0
DA:200,0
DA:202,0
DA:204,0
DA:206,0
DA:210,0
DA:215,0
DA:232,0
DA:246,0
DA:260,0
DA:275,0
DA:287,0
DA:300,0
DA:313,0
DA:314,0
DA:315,0
DA:316,0
DA:317,0
DA:318,0
DA:319,0
DA:320,0
DA:323,0
DA:326,0
DA:328,0
DA:329,0
DA:356,0
DA:368,0
DA:372,0
DA:373,0
DA:377,0
DA:378,0
DA:379,0
DA:383,0
DA:384,0
DA:388,0
DA:389,0
DA:390,0
DA:391,0
DA:392,0
DA:397,0
DA:398,0
DA:399,0
DA:401,0
DA:406,0
DA:407,0
DA:408,0
DA:415,0
DA:416,0
DA:423,0
DA:487,0
DA:497,0
DA:507,0
DA:596,0
DA:597,0
LF:76
LH:0
BRDA:59,0,0,0
BRDA:59,0,1,0
BRDA:60,1,0,0
BRDA:60,1,1,0
BRDA:61,2,0,0
BRDA:61,2,1,0
BRDA:68,3,0,0
BRDA:68,3,1,0
BRDA:70,4,0,0
BRDA:70,4,1,0
BRDA:86,5,0,0
BRDA:86,5,1,0
BRDA:105,6,0,0
BRDA:105,6,1,0
BRDA:142,7,0,0
BRDA:142,7,1,0
BRDA:146,8,0,0
BRDA:146,8,1,0
BRDA:146,8,2,0
BRDA:170,9,0,0
BRDA:170,9,1,0
BRDA:222,10,0,0
BRDA:222,10,1,0
BRDA:289,11,0,0
BRDA:289,11,1,0
BRDA:293,12,0,0
BRDA:293,12,1,0
BRDA:295,13,0,0
BRDA:295,13,1,0
BRDA:390,14,0,0
BRDA:390,14,1,0
BRDA:391,15,0,0
BRDA:391,15,1,0
BRDA:399,16,0,0
BRDA:399,16,1,0
BRDA:415,17,0,0
BRDA:415,17,1,0
BRDA:489,18,0,0
BRDA:489,18,1,0
BRDA:499,19,0,0
BRDA:499,19,1,0
BRDA:509,20,0,0
BRDA:509,20,1,0
BRDA:525,21,0,0
BRDA:525,21,1,0
BRDA:538,22,0,0
BRDA:538,22,1,0
BRF:47
BRH:0
end_of_record
TN:
SF:src/components/scheduling/BulkScheduleModal.tsx
FN:16,BulkScheduleModal
FN:22,(anonymous_1)
FN:30,(anonymous_2)
FN:39,(anonymous_3)
FN:58,(anonymous_4)
FN:83,(anonymous_5)
FN:105,(anonymous_6)
FNF:7
FNH:0
FNDA:0,BulkScheduleModal
FNDA:0,(anonymous_1)
FNDA:0,(anonymous_2)
FNDA:0,(anonymous_3)
FNDA:0,(anonymous_4)
FNDA:0,(anonymous_5)
FNDA:0,(anonymous_6)
DA:22,0
DA:23,0
DA:24,0
DA:25,0
DA:26,0
DA:28,0
DA:30,0
DA:31,0
DA:33,0
DA:34,0
DA:35,0
DA:37,0
DA:39,0
DA:49,0
DA:55,0
DA:58,0
DA:59,0
DA:60,0
DA:63,0
DA:64,0
DA:66,0
DA:70,0
DA:83,0
DA:105,0
LF:24
LH:0
BRDA:28,0,0,0
BRDA:28,0,1,0
BRDA:31,1,0,0
BRDA:31,1,1,0
BRDA:41,2,0,0
BRDA:41,2,1,0
BRDA:90,3,0,0
BRDA:90,3,1,0
BRDA:90,3,2,0
BRDA:124,4,0,0
BRDA:124,4,1,0
BRDA:151,5,0,0
BRDA:151,5,1,0
BRDA:158,6,0,0
BRDA:158,6,1,0
BRF:15
BRH:0
end_of_record
TN:
SF:src/components/workshop/PreWorkshopAssessment.tsx
FN:12,(anonymous_0)
FN:30,(anonymous_1)
FN:35,(anonymous_2)
FN:47,(anonymous_3)
FN:77,(anonymous_4)
FN:89,(anonymous_5)
FN:92,(anonymous_6)
FN:107,(anonymous_7)
FN:125,(anonymous_8)
FN:137,(anonymous_9)
FN:157,(anonymous_10)
FN:158,(anonymous_11)
FN:163,(anonymous_12)
FN:181,(anonymous_13)
FNF:14
FNH:0
FNDA:0,(anonymous_0)
FNDA:0,(anonymous_1)
FNDA:0,(anonymous_2)
FNDA:0,(anonymous_3)
FNDA:0,(anonymous_4)
FNDA:0,(anonymous_5)
FNDA:0,(anonymous_6)
FNDA:0,(anonymous_7)
FNDA:0,(anonymous_8)
FNDA:0,(anonymous_9)
FNDA:0,(anonymous_10)
FNDA:0,(anonymous_11)
FNDA:0,(anonymous_12)
FNDA:0,(anonymous_13)
DA:12,0
DA:13,0
DA:14,0
DA:15,0
DA:20,0
DA:22,0
DA:30,0
DA:31,0
DA:32,0
DA:35,0
DA:36,0
DA:37,0
DA:39,0
DA:40,0
DA:43,0
DA:47,0
DA:49,0
DA:50,0
DA:51,0
DA:55,0
DA:56,0
DA:57,0
DA:58,0
DA:60,0
DA:64,0
DA:65,0
DA:68,0
DA:77,0
DA:78,0
DA:90,0
DA:92,0
DA:107,0
DA:112,0
DA:126,0
DA:134,0
DA:137,0
DA:156,0
DA:157,0
DA:158,0
DA:163,0
DA:170,0
DA:181,0
LF:42
LH:0
BRDA:39,0,0,0
BRDA:39,0,1,0
BRDA:55,1,0,0
BRDA:55,1,1,0
BRDA:57,2,0,0
BRDA:57,2,1,0
BRF:6
BRH:0
end_of_record
TN:
SF:src/components/workshop/SentryWorkshopProfiler.tsx
FN:13,(anonymous_0)
FN:20,(anonymous_1)
FN:32,(anonymous_2)
FNF:3
FNH:0
FNDA:0,(anonymous_0)
FNDA:0,(anonymous_1)
FNDA:0,(anonymous_2)
DA:13,0
DA:17,0
DA:22,0
DA:34,0
DA:36,0
LF:5
LH:0
BRDA:34,0,0,0
BRDA:34,0,1,0
BRDA:34,1,0,0
BRDA:34,1,1,0
BRF:4
BRH:0
end_of_record
TN:
SF:src/components/workshop/ShareModal.tsx
FN:30,(anonymous_0)
FN:37,(anonymous_1)
FN:49,(anonymous_2)
FN:53,(anonymous_3)
FN:61,(anonymous_4)
FN:105,(anonymous_5)
FN:115,(anonymous_6)
FN:141,(anonymous_7)
FN:163,(anonymous_8)
FN:170,(anonymous_9)
FN:208,(anonymous_10)
FN:219,(anonymous_11)
FN:221,(anonymous_12)
FN:241,(anonymous_13)
FN:291,(anonymous_14)
FN:296,(anonymous_15)
FNF:16
FNH:0
FNDA:0,(anonymous_0)
FNDA:0,(anonymous_1)
FNDA:0,(anonymous_2)
FNDA:0,(anonymous_3)
FNDA:0,(anonymous_4)
FNDA:0,(anonymous_5)
FNDA:0,(anonymous_6)
FNDA:0,(anonymous_7)
FNDA:0,(anonymous_8)
FNDA:0,(anonymous_9)
FNDA:0,(anonymous_10)
FNDA:0,(anonymous_11)
FNDA:0,(anonymous_12)
FNDA:0,(anonymous_13)
FNDA:0,(anonymous_14)
FNDA:0,(anonymous_15)
DA:30,0
DA:31,0
DA:32,0
DA:33,0
DA:34,0
DA:35,0
DA:37,0
DA:38,0
DA:40,0
DA:41,0
DA:44,0
DA:45,0
DA:49,0
DA:50,0
DA:51,0
DA:52,0
DA:53,0
DA:54,0
DA:57,0
DA:61,0
DA:62,0
DA:64,0
DA:65,0
DA:68,0
DA:71,0
DA:73,0
DA:79,0
DA:85,0
DA:105,0
DA:115,0
DA:141,0
DA:164,0
DA:165,0
DA:167,0
DA:170,0
DA:209,0
DA:219,0
DA:221,0
DA:241,0
DA:291,0
DA:296,0
LF:41
LH:0
BRDA:38,0,0,0
BRDA:38,0,1,0
BRDA:38,1,0,0
BRDA:38,1,1,0
BRDA:62,2,0,0
BRDA:62,2,1,0
BRDA:71,3,0,0
BRDA:71,3,1,0
BRDA:107,4,0,0
BRDA:107,4,1,0
BRDA:117,5,0,0
BRDA:117,5,1,0
BRDA:128,6,0,0
BRDA:128,6,1,0
BRDA:128,6,2,0
BRDA:144,7,0,0
BRDA:144,7,1,0
BRDA:172,8,0,0
BRDA:172,8,1,0
BRDA:188,9,0,0
BRDA:188,9,1,0
BRDA:192,10,0,0
BRDA:192,10,1,0
BRDA:194,11,0,0
BRDA:194,11,1,0
BRDA:206,12,0,0
BRDA:206,12,1,0
BRDA:227,13,0,0
BRDA:227,13,1,0
BRDA:255,14,0,0
BRDA:255,14,1,0
BRDA:255,14,2,0
BRDA:299,15,0,0
BRDA:299,15,1,0
BRF:34
BRH:0
end_of_record
TN:
SF:src/components/workshop/WorkshopContainer.original.tsx
FN:34,(anonymous_0)
FN:50,(anonymous_1)
FN:85,(anonymous_2)
FN:88,(anonymous_3)
FN:128,(anonymous_4)
FN:152,(anonymous_5)
FN:170,(anonymous_6)
FN:183,(anonymous_7)
FN:184,(anonymous_8)
FN:191,(anonymous_9)
FN:195,(anonymous_10)
FN:299,(anonymous_11)
FN:317,(anonymous_12)
FN:325,(anonymous_13)
FN:343,(anonymous_14)
FN:362,(anonymous_15)
FN:406,(anonymous_16)
FN:513,(anonymous_17)
FN:539,(anonymous_18)
FNF:19
FNH:0
FNDA:0,(anonymous_0)
FNDA:0,(anonymous_1)
FNDA:0,(anonymous_2)
FNDA:0,(anonymous_3)
FNDA:0,(anonymous_4)
FNDA:0,(anonymous_5)
FNDA:0,(anonymous_6)
FNDA:0,(anonymous_7)
FNDA:0,(anonymous_8)
FNDA:0,(anonymous_9)
FNDA:0,(anonymous_10)
FNDA:0,(anonymous_11)
FNDA:0,(anonymous_12)
FNDA:0,(anonymous_13)
FNDA:0,(anonymous_14)
FNDA:0,(anonymous_15)
FNDA:0,(anonymous_16)
FNDA:0,(anonymous_17)
FNDA:0,(anonymous_18)
DA:34,0
DA:35,0
DA:36,0
DA:37,0
DA:38,0
DA:40,0
DA:49,0
DA:50,0
DA:57,0
DA:86,0
DA:88,0
DA:128,0
DA:129,0
DA:130,0
DA:131,0
DA:132,0
DA:133,0
DA:134,0
DA:135,0
DA:136,0
DA:137,0
DA:146,0
DA:149,0
DA:152,0
DA:154,0
DA:155,0
DA:156,0
DA:158,0
DA:162,0
DA:163,0
DA:164,0
DA:165,0
DA:170,0
DA:171,0
DA:172,0
DA:175,0
DA:176,0
DA:177,0
DA:178,0
DA:183,0
DA:184,0
DA:185,0
DA:186,0
DA:190,0
DA:191,0
DA:195,0
DA:196,0
DA:197,0
DA:198,0
DA:201,0
DA:202,0
DA:203,0
DA:207,0
DA:209,0
DA:211,0
DA:221,0
DA:223,0
DA:226,0
DA:228,0
DA:231,0
DA:233,0
DA:240,0
DA:242,0
DA:248,0
DA:252,0
DA:258,0
DA:259,0
DA:260,0
DA:262,0
DA:265,0
DA:267,0
DA:268,0
DA:269,0
DA:270,0
DA:271,0
DA:272,0
DA:273,0
DA:274,0
DA:275,0
DA:276,0
DA:279,0
DA:280,0
DA:299,0
DA:301,0
DA:304,0
DA:307,0
DA:308,0
DA:311,0
DA:312,0
DA:313,0
DA:317,0
DA:318,0
DA:319,0
DA:325,0
DA:326,0
DA:328,0
DA:330,0
DA:332,0
DA:334,0
DA:336,0
DA:338,0
DA:343,0
DA:344,0
DA:346,0
DA:349,0
DA:351,0
DA:353,0
DA:355,0
DA:357,0
DA:362,0
DA:363,0
DA:365,0
DA:366,0
DA:368,0
DA:369,0
DA:374,0
DA:375,0
DA:381,0
DA:389,0
DA:391,0
DA:406,0
DA:513,0
DA:539,0
DA:540,0
LF:124
LH:0
BRDA:91,0,0,0
BRDA:91,0,1,0
BRDA:97,1,0,0
BRDA:97,1,1,0
BRDA:99,2,0,0
BRDA:99,2,1,0
BRDA:104,3,0,0
BRDA:104,3,1,0
BRDA:104,4,0,0
BRDA:104,4,1,0
BRDA:105,5,0,0
BRDA:105,5,1,0
BRDA:106,6,0,0
BRDA:106,6,1,0
BRDA:108,7,0,0
BRDA:108,7,1,0
BRDA:154,8,0,0
BRDA:154,8,1,0
BRDA:155,9,0,0
BRDA:155,9,1,0
BRDA:155,10,0,0
BRDA:155,10,1,0
BRDA:162,11,0,0
BRDA:162,11,1,0
BRDA:162,12,0,0
BRDA:162,12,1,0
BRDA:171,13,0,0
BRDA:171,13,1,0
BRDA:171,14,0,0
BRDA:171,14,1,0
BRDA:185,15,0,0
BRDA:185,15,1,0
BRDA:185,16,0,0
BRDA:185,16,1,0
BRDA:196,17,0,0
BRDA:196,17,1,0
BRDA:209,18,0,0
BRDA:209,18,1,0
BRDA:209,18,2,0
BRDA:209,18,3,0
BRDA:209,18,4,0
BRDA:235,19,0,0
BRDA:235,19,1,0
BRDA:236,20,0,0
BRDA:236,20,1,0
BRDA:237,21,0,0
BRDA:237,21,1,0
BRDA:267,22,0,0
BRDA:267,22,1,0
BRDA:269,23,0,0
BRDA:269,23,1,0
BRDA:271,24,0,0
BRDA:271,24,1,0
BRDA:273,25,0,0
BRDA:273,25,1,0
BRDA:275,26,0,0
BRDA:275,26,1,0
BRDA:307,27,0,0
BRDA:307,27,1,0
BRDA:318,28,0,0
BRDA:318,28,1,0
BRDA:326,29,0,0
BRDA:326,29,1,0
BRDA:326,29,2,0
BRDA:326,29,3,0
BRDA:326,29,4,0
BRDA:326,29,5,0
BRDA:344,30,0,0
BRDA:344,30,1,0
BRDA:344,30,2,0
BRDA:344,30,3,0
BRDA:344,30,4,0
BRDA:344,30,5,0
BRDA:346,31,0,0
BRDA:346,31,1,0
BRDA:363,32,0,0
BRDA:363,32,1,0
BRDA:363,33,0,0
BRDA:363,33,1,0
BRDA:368,34,0,0
BRDA:368,34,1,0
BRDA:374,35,0,0
BRDA:374,35,1,0
BRDA:396,36,0,0
BRDA:396,36,1,0
BRDA:396,36,2,0
BRDA:449,37,0,0
BRDA:449,37,1,0
BRDA:461,38,0,0
BRDA:461,38,1,0
BRDA:470,39,0,0
BRDA:470,39,1,0
BRDA:484,40,0,0
BRDA:484,40,1,0
BRDA:489,41,0,0
BRDA:489,41,1,0
BRDA:492,42,0,0
BRDA:492,42,1,0
BRDA:498,43,0,0
BRDA:498,43,1,0
BRF:100
BRH:0
end_of_record
TN:
SF:src/components/workshop/WorkshopContainer.tsx
FN:33,(anonymous_0)
FN:34,(anonymous_1)
FN:35,(anonymous_2)
FN:36,(anonymous_3)
FN:37,(anonymous_4)
FN:55,(anonymous_5)
FN:56,(anonymous_6)
FN:94,(anonymous_7)
FN:110,(anonymous_8)
FN:145,(anonymous_9)
FN:148,(anonymous_10)
FN:188,(anonymous_11)
FN:221,(anonymous_12)
FN:224,(anonymous_13)
FN:230,(anonymous_14)
FN:237,(anonymous_15)
FN:248,(anonymous_16)
FN:270,(anonymous_17)
FN:283,(anonymous_18)
FN:284,(anonymous_19)
FN:291,(anonymous_20)
FN:298,(anonymous_21)
FN:316,(anonymous_22)
FN:323,(anonymous_23)
FN:336,(anonymous_24)
FN:355,(anonymous_25)
FN:392,(anonymous_26)
FN:395,(anonymous_27)
FN:413,(anonymous_28)
FN:511,(anonymous_29)
FN:544,(anonymous_30)
FNF:31
FNH:0
FNDA:0,(anonymous_0)
FNDA:0,(anonymous_1)
FNDA:0,(anonymous_2)
FNDA:0,(anonymous_3)
FNDA:0,(anonymous_4)
FNDA:0,(anonymous_5)
FNDA:0,(anonymous_6)
FNDA:0,(anonymous_7)
FNDA:0,(anonymous_8)
FNDA:0,(anonymous_9)
FNDA:0,(anonymous_10)
FNDA:0,(anonymous_11)
FNDA:0,(anonymous_12)
FNDA:0,(anonymous_13)
FNDA:0,(anonymous_14)
FNDA:0,(anonymous_15)
FNDA:0,(anonymous_16)
FNDA:0,(anonymous_17)
FNDA:0,(anonymous_18)
FNDA:0,(anonymous_19)
FNDA:0,(anonymous_20)
FNDA:0,(anonymous_21)
FNDA:0,(anonymous_22)
FNDA:0,(anonymous_23)
FNDA:0,(anonymous_24)
FNDA:0,(anonymous_25)
FNDA:0,(anonymous_26)
[...]
FNDA:0,(anonymous_18)
FNDA:0,(anonymous_19)
FNDA:0,trackWebVitals
FNDA:0,(anonymous_21)
FNDA:0,(anonymous_22)
FNDA:0,(anonymous_23)
FNDA:0,(anonymous_24)
FNDA:0,(anonymous_25)
FNDA:0,(anonymous_26)
DA:11,0
DA:18,0
DA:21,0
DA:22,0
DA:27,0
DA:29,0
DA:30,0
DA:31,0
DA:32,0
DA:33,0
DA:34,0
DA:35,0
DA:36,0
DA:37,0
DA:42,0
DA:46,0
DA:51,0
DA:53,0
DA:54,0
DA:78,0
DA:86,0
DA:87,0
DA:88,0
DA:89,0
DA:95,0
DA:96,0
DA:97,0
DA:100,0
DA:102,0
DA:103,0
DA:106,0
DA:107,0
DA:109,0
DA:122,0
DA:124,0
DA:125,0
DA:126,0
DA:128,0
DA:130,0
DA:131,0
DA:135,0
DA:136,0
DA:148,0
DA:152,0
DA:154,0
DA:157,0
DA:161,0
DA:164,0
DA:165,0
DA:166,0
DA:167,0
DA:168,0
DA:171,0
DA:175,0
DA:178,0
DA:179,0
DA:180,0
DA:181,0
DA:186,0
DA:187,0
DA:188,0
DA:189,0
DA:195,0
DA:196,0
DA:197,0
DA:198,0
DA:202,0
DA:203,0
DA:206,0
DA:215,0
DA:219,0
DA:220,0
DA:221,0
DA:227,0
DA:231,0
DA:232,0
DA:234,0
DA:235,0
DA:241,0
DA:252,0
DA:254,0
DA:255,0
DA:256,0
DA:257,0
DA:264,0
DA:265,0
DA:266,0
DA:273,0
DA:274,0
DA:275,0
DA:282,0
DA:283,0
DA:284,0
DA:291,0
DA:292,0
DA:293,0
LF:96
LH:0
BRDA:21,0,0,0
BRDA:21,0,1,0
BRDA:21,1,0,0
BRDA:21,1,1,0
BRDA:31,2,0,0
BRDA:31,2,1,0
BRDA:34,3,0,0
BRDA:34,3,1,0
BRDA:51,4,0,0
BRDA:51,4,1,0
BRDA:63,5,0,0
BRDA:63,5,1,0
BRDA:86,6,0,0
BRDA:86,6,1,0
BRDA:95,7,0,0
BRDA:95,7,1,0
BRDA:95,8,0,0
BRDA:95,8,1,0
BRDA:96,9,0,0
BRDA:96,9,1,0
BRDA:96,9,2,0
BRDA:100,10,0,0
BRDA:100,10,1,0
BRDA:106,11,0,0
BRDA:106,11,1,0
BRDA:130,12,0,0
BRDA:130,12,1,0
BRDA:135,13,0,0
BRDA:135,13,1,0
BRDA:164,14,0,0
BRDA:164,14,1,0
BRDA:178,15,0,0
BRDA:178,15,1,0
BRDA:180,16,0,0
BRDA:180,16,1,0
BRDA:186,17,0,0
BRDA:186,17,1,0
BRDA:188,18,0,0
BRDA:188,18,1,0
BRDA:195,19,0,0
BRDA:195,19,1,0
BRDA:195,20,0,0
BRDA:195,20,1,0
BRDA:197,21,0,0
BRDA:197,21,1,0
BRDA:202,22,0,0
BRDA:202,22,1,0
BRDA:219,23,0,0
BRDA:219,23,1,0
BRDA:252,24,0,0
BRDA:252,24,1,0
BRF:51
BRH:0
end_of_record
TN:
SF:src/utils/reduxDevtools.ts
FN:6,(anonymous_0)
FN:36,(anonymous_1)
FN:83,(anonymous_2)
FNF:3
FNH:0
FNDA:0,(anonymous_0)
FNDA:0,(anonymous_1)
FNDA:0,(anonymous_2)
DA:6,0
DA:7,0
DA:8,0
DA:12,0
DA:14,0
DA:15,0
DA:19,0
DA:38,0
DA:39,0
DA:43,0
DA:44,0
DA:48,0
DA:49,0
DA:52,0
DA:83,0
DA:84,0
DA:85,0
DA:86,0
DA:87,0
DA:88,0
DA:89,0
LF:21
LH:0
BRDA:7,0,0,0
BRDA:7,0,1,0
BRDA:14,1,0,0
BRDA:14,1,1,0
BRDA:38,2,0,0
BRDA:38,2,1,0
BRDA:43,3,0,0
BRDA:43,3,1,0
BRDA:48,4,0,0
BRDA:48,4,1,0
BRDA:84,5,0,0
BRDA:84,5,1,0
BRF:12
BRH:0
end_of_record
TN:
SF:src/utils/sentry.ts
FN:4,(anonymous_0)
FN:38,(anonymous_1)
FN:68,(anonymous_2)
FN:86,(anonymous_3)
FN:99,(anonymous_4)
FN:104,(anonymous_5)
FN:109,(anonymous_6)
FN:114,(anonymous_7)
FNF:8
FNH:0
FNDA:0,(anonymous_0)
FNDA:0,(anonymous_1)
FNDA:0,(anonymous_2)
FNDA:0,(anonymous_3)
FNDA:0,(anonymous_4)
FNDA:0,(anonymous_5)
FNDA:0,(anonymous_6)
FNDA:0,(anonymous_7)
DA:4,0
DA:6,0
DA:7,0
DA:8,0
DA:12,0
DA:13,0
DA:14,0
DA:15,0
DA:18,0
DA:40,0
DA:43,0
DA:44,0
DA:45,0
DA:48,0
DA:49,0
DA:54,0
DA:55,0
DA:56,0
DA:62,0
DA:68,0
DA:69,0
DA:70,0
DA:71,0
DA:72,0
DA:73,0
DA:74,0
DA:79,0
DA:83,0
DA:86,0
DA:87,0
DA:88,0
DA:94,0
DA:99,0
DA:100,0
DA:104,0
DA:105,0
DA:109,0
DA:110,0
DA:114,0
DA:119,0
LF:40
LH:0
BRDA:6,0,0,0
BRDA:6,0,1,0
BRDA:13,1,0,0
BRDA:13,1,1,0
BRDA:34,2,0,0
BRDA:34,2,1,0
BRDA:35,3,0,0
BRDA:35,3,1,0
BRDA:43,4,0,0
BRDA:43,4,1,0
BRDA:43,5,0,0
BRDA:43,5,1,0
BRDA:44,6,0,0
BRDA:44,6,1,0
BRDA:48,7,0,0
BRDA:48,7,1,0
BRDA:55,8,0,0
BRDA:55,8,1,0
BRDA:71,9,0,0
BRDA:71,9,1,0
BRDA:87,10,0,0
BRDA:87,10,1,0
BRDA:90,11,0,0
BRDA:90,11,1,0
BRDA:99,12,0,0
BRF:25
BRH:0
end_of_record
TN:
SF:src/utils/sentryApiInterceptor.ts
FN:15,(anonymous_0)
FN:148,(anonymous_1)
FN:151,(anonymous_2)
FN:163,(anonymous_3)
FN:176,(anonymous_4)
FN:187,(anonymous_5)
FNF:6
FNH:0
FNDA:0,(anonymous_0)
FNDA:0,(anonymous_1)
FNDA:0,(anonymous_2)
FNDA:0,(anonymous_3)
FNDA:0,(anonymous_4)
FNDA:0,(anonymous_5)
DA:15,0
DA:19,0
DA:20,0
DA:23,0
DA:33,0
DA:34,0
DA:35,0
DA:38,0
DA:50,0
DA:51,0
DA:62,0
DA:63,0
DA:71,0
DA:72,0
DA:73,0
DA:74,0
DA:76,0
DA:83,0
DA:84,0
DA:93,0
DA:94,0
DA:103,0
DA:105,0
DA:111,0
DA:123,0
DA:125,0
DA:128,0
DA:141,0
DA:148,0
DA:150,0
DA:152,0
DA:161,0
DA:164,0
DA:170,0
DA:175,0
DA:177,0
DA:185,0
DA:188,0
DA:190,0
DA:192,0
DA:193,0
DA:202,0
DA:204,0
DA:214,0
DA:216,0
DA:224,0
DA:228,0
LF:47
LH:0
BRDA:17,0,0,0
BRDA:19,1,0,0
BRDA:19,1,1,0
BRDA:50,2,0,0
BRDA:50,2,1,0
BRDA:62,3,0,0
BRDA:62,3,1,0
BRDA:83,4,0,0
BRDA:83,4,1,0
BRDA:93,5,0,0
BRDA:93,5,1,0
BRDA:103,6,0,0
BRDA:103,6,1,0
BRDA:103,7,0,0
BRDA:103,7,1,0
BRDA:188,8,0,0
BRDA:188,8,1,0
BRDA:192,9,0,0
BRDA:192,9,1,0
BRDA:202,10,0,0
BRDA:202,10,1,0
BRDA:202,11,0,0
BRDA:202,11,1,0
BRDA:214,12,0,0
BRDA:214,12,1,0
BRF:25
BRH:0
end_of_record
TN:
SF:src/utils/supabaseAuth.ts
FN:4,(anonymous_0)
FN:24,(anonymous_1)
FN:42,(anonymous_2)
FNF:3
FNH:0
FNDA:0,(anonymous_0)
FNDA:0,(anonymous_1)
FNDA:0,(anonymous_2)
DA:4,0
DA:5,0
DA:24,0
DA:25,0
DA:26,0
DA:28,0
DA:29,0
DA:32,0
DA:38,0
DA:42,0
DA:43,0
DA:44,0
DA:46,0
LF:13
LH:0
BRDA:7,0,0,0
BRDA:7,0,1,0
BRDA:8,1,0,0
BRDA:8,1,1,0
BRDA:8,1,2,0
BRDA:8,1,3,0
BRDA:12,2,0,0
BRDA:12,2,1,0
BRDA:12,2,2,0
BRDA:12,2,3,0
BRDA:18,3,0,0
BRDA:18,3,1,0
BRDA:20,4,0,0
BRDA:20,4,1,0
BRDA:28,5,0,0
BRDA:28,5,1,0
BRDA:35,6,0,0
BRDA:35,6,1,0
BRF:18
BRH:0
end_of_record
TN:
SF:src/utils/webVitals.ts
FN:13,(anonymous_0)
FN:52,(anonymous_1)
FN:62,(anonymous_2)
FN:63,(anonymous_3)
FN:71,(anonymous_4)
FN:79,(anonymous_5)
FN:87,(anonymous_6)
FN:95,(anonymous_7)
FN:105,(anonymous_8)
FN:109,(anonymous_9)
FN:128,(anonymous_10)
FN:150,(anonymous_11)
FN:168,(anonymous_12)
FN:174,(anonymous_13)
FNF:14
FNH:0
FNDA:0,(anonymous_0)
FNDA:0,(anonymous_1)
FNDA:0,(anonymous_2)
FNDA:0,(anonymous_3)
FNDA:0,(anonymous_4)
FNDA:0,(anonymous_5)
FNDA:0,(anonymous_6)
FNDA:0,(anonymous_7)
FNDA:0,(anonymous_8)
FNDA:0,(anonymous_9)
FNDA:0,(anonymous_10)
FNDA:0,(anonymous_11)
FNDA:0,(anonymous_12)
FNDA:0,(anonymous_13)
DA:13,0
DA:15,0
DA:16,0
DA:25,0
DA:26,0
DA:27,0
DA:28,0
DA:33,0
DA:34,0
DA:43,0
DA:52,0
DA:53,0
DA:54,0
DA:56,0
DA:57,0
DA:58,0
DA:62,0
DA:63,0
DA:64,0
DA:68,0
DA:71,0
DA:72,0
DA:76,0
DA:79,0
DA:80,0
DA:84,0
DA:87,0
DA:88,0
DA:92,0
DA:95,0
DA:96,0
DA:100,0
DA:105,0
DA:106,0
DA:108,0
DA:109,0
DA:110,0
DA:112,0
DA:113,0
DA:121,0
DA:127,0
DA:128,0
DA:129,0
DA:130,0
DA:131,0
DA:132,0
DA:133,0
DA:142,0
DA:150,0
DA:151,0
DA:152,0
DA:153,0
DA:154,0
DA:160,0
DA:161,0
DA:168,0
DA:169,0
DA:170,0
DA:173,0
DA:174,0
DA:175,0
LF:61
LH:0
BRDA:15,0,0,0
BRDA:15,0,1,0
BRDA:15,1,0,0
BRDA:15,1,1,0
BRDA:19,2,0,0
BRDA:19,2,1,0
BRDA:25,3,0,0
BRDA:25,3,1,0
BRDA:25,4,0,0
BRDA:25,4,1,0
BRDA:25,4,2,0
BRDA:27,5,0,0
BRDA:27,5,1,0
BRDA:33,6,0,0
BRDA:33,6,1,0
BRDA:54,7,0,0
BRDA:54,7,1,0
BRDA:56,8,0,0
BRDA:56,8,1,0
BRDA:57,9,0,0
BRDA:57,9,1,0
BRDA:106,10,0,0
BRDA:106,10,1,0
BRDA:112,11,0,0
BRDA:112,11,1,0
BRDA:130,12,0,0
BRDA:130,12,1,0
BRDA:130,13,0,0
BRDA:130,13,1,0
BRDA:132,14,0,0
BRDA:132,14,1,0
BRDA:151,15,0,0
BRDA:151,15,1,0
BRDA:151,16,0,0
BRDA:151,16,1,0
BRDA:153,17,0,0
BRDA:153,17,1,0
BRDA:160,18,0,0
BRDA:160,18,1,0
BRDA:173,19,0,0
BRDA:173,19,1,0
BRF:41
BRH:0
end_of_record
TN:
SF:src/utils/workshopReset.ts
FN:5,(anonymous_0)
FN:21,(anonymous_1)
FN:34,(anonymous_2)
FN:47,(anonymous_3)
FNF:4
FNH:0
FNDA:0,(anonymous_0)
FNDA:0,(anonymous_1)
FNDA:0,(anonymous_2)
FNDA:0,(anonymous_3)
DA:5,0
DA:6,0
DA:8,0
DA:13,0
DA:14,0
DA:16,0
DA:17,0
DA:21,0
DA:22,0
DA:24,0
DA:26,0
DA:27,0
DA:28,0
DA:29,0
DA:34,0
DA:35,0
DA:38,0
DA:39,0
DA:41,0
DA:42,0
DA:47,0
DA:48,0
DA:49,0
DA:50,0
DA:52,0
DA:53,0
DA:54,0
DA:55,0
DA:57,0
LF:29
LH:0
BRDA:28,0,0,0
BRDA:28,0,1,0
BRDA:28,1,0,0
BRDA:28,1,1,0
BRDA:53,2,0,0
BRDA:53,2,1,0
BRDA:54,3,0,0
BRDA:54,3,1,0
BRF:8
BRH:0
end_of_record
TN:
SF:src/utils/workshopStateHelper.ts
FN:7,(anonymous_0)
FN:79,(anonymous_1)
FN:110,(anonymous_2)
FNF:3
FNH:0
FNDA:0,(anonymous_0)
FNDA:0,(anonymous_1)
FNDA:0,(anonymous_2)
DA:7,0
DA:8,0
DA:42,0
DA:43,0
DA:47,0
DA:79,0
DA:80,0
DA:82,0
DA:85,0
DA:86,0
DA:87,0
DA:88,0
DA:89,0
DA:90,0
DA:91,0
DA:95,0
DA:99,0
DA:100,0
DA:102,0
DA:103,0
DA:110,0
DA:111,0
DA:112,0
DA:116,0
DA:117,0
DA:118,0
DA:119,0
DA:124,0
DA:125,0
DA:128,0
DA:131,0
DA:134,0
LF:32
LH:0
BRDA:42,0,0,0
BRDA:42,0,1,0
BRDA:52,1,0,0
BRDA:52,1,1,0
BRDA:53,2,0,0
BRDA:53,2,1,0
BRDA:54,3,0,0
BRDA:54,3,1,0
BRDA:55,4,0,0
BRDA:55,4,1,0
BRDA:56,5,0,0
BRDA:56,5,1,0
BRDA:57,6,0,0
BRDA:57,6,1,0
BRDA:58,7,0,0
BRDA:58,7,1,0
BRDA:62,8,0,0
BRDA:62,8,1,0
BRDA:66,9,0,0
BRDA:66,9,1,0
BRDA:67,10,0,0
BRDA:67,10,1,0
BRDA:69,11,0,0
BRDA:69,11,1,0
BRDA:70,12,0,0
BRDA:70,12,1,0
BRDA:71,13,0,0
BRDA:71,13,1,0
BRDA:72,14,0,0
BRDA:72,14,1,0
BRDA:86,15,0,0
BRDA:86,15,1,0
BRDA:89,16,0,0
BRDA:89,16,1,0
BRDA:111,17,0,0
BRDA:111,17,1,0
BRDA:111,18,0,0
BRDA:111,18,1,0
BRDA:118,19,0,0
BRDA:118,19,1,0
BRDA:124,20,0,0
BRDA:124,20,1,0
BRDA:124,21,0,0
BRDA:124,21,1,0
BRDA:128,22,0,0
BRDA:128,22,1,0
BRDA:128,23,0,0
BRDA:128,23,1,0
BRDA:128,23,2,0
BRF:49
BRH:0
end_of_record
TN:
SF:src/utils/workshopStateSanitizer.ts
FN:6,deepClone
FN:28,removePersistedMetadata
FN:41,(anonymous_2)
FN:57,sanitizeArrays
FN:66,(anonymous_4)
FN:76,(anonymous_5)
FN:84,(anonymous_6)
FN:98,(anonymous_7)
FN:106,(anonymous_8)
FN:115,(anonymous_9)
FN:133,(anonymous_10)
FN:149,sanitizeObjects
FN:238,sanitizeWorkshopState
FN:309,isValidISOString
FN:322,getDefaultWorkshopState
FN:361,areStatesEquivalent
FNF:16
FNH:16
FNDA:377120,deepClone
FNDA:87,removePersistedMetadata
FNDA:15,(anonymous_2)
FNDA:25,sanitizeArrays
FNDA:8,(anonymous_4)
FNDA:20,(anonymous_5)
FNDA:4,(anonymous_6)
FNDA:9,(anonymous_7)
FNDA:1,(anonymous_8)
FNDA:3,(anonymous_9)
FNDA:4,(anonymous_10)
FNDA:22,sanitizeObjects
FNDA:20,sanitizeWorkshopState
FNDA:55,isValidISOString
FNDA:23,getDefaultWorkshopState
FNDA:6,areStatesEquivalent
DA:7,377120
DA:8,168998
DA:9,168998
DA:10,90978
DA:11,90978
DA:12,68
DA:14,90978
DA:16,78020
DA:17,78020
DA:18,377009
DA:19,377009
DA:22,65053
DA:29,87
DA:32,87
DA:33,7
DA:37,87
DA:38,359
DA:39,144
DA:41,81
DA:42,15
DA:46,63
DA:51,87
DA:58,25
DA:61,25
DA:62,8
DA:65,17
DA:66,8
DA:70,25
DA:71,25
DA:72,0
DA:75,25
DA:76,20
DA:79,25
DA:80,2
DA:83,23
DA:85,4
DA:94,25
DA:95,2
DA:97,23
DA:98,9
DA:102,25
DA:103,2
DA:105,23
DA:106,1
DA:111,25
DA:112,7
DA:114,18
DA:116,3
DA:128,25
DA:129,25
DA:130,0
DA:132,25
DA:134,4
DA:143,25
DA:150,22
DA:153,22
DA:154,6
DA:164,16
DA:165,2
DA:168,14
DA:169,14
DA:170,2
DA:171,2
DA:174,14
DA:178,16
DA:179,2
DA:182,14
DA:183,14
DA:184,1
DA:185,1
DA:188,14
DA:193,22
DA:194,8
DA:202,14
DA:209,14
DA:210,56
DA:211,56
DA:212,54
DA:216,14
DA:220,22
DA:221,8
DA:226,14
DA:228,0
DA:232,22
DA:240,20
DA:243,18
DA:246,18
DA:247,0
DA:251,18
DA:258,18
DA:259,18
DA:262,18
DA:269,18
DA:275,18
DA:276,18
DA:277,18
DA:280,18
DA:281,18
DA:284,18
DA:287,18
DA:290,18
DA:291,2
DA:292,2
DA:297,1
DA:300,16
DA:303,18
DA:310,55
DA:311,5
DA:312,5
DA:313,5
DA:315,2
DA:323,23
DA:362,6
DA:363,6
DA:364,5
DA:365,5
DA:367,1
LF:117
LH:113
BRDA:7,0,0,208122
BRDA:7,0,1,168998
BRDA:7,1,0,377120
BRDA:7,1,1,273129
BRDA:8,2,0,0
BRDA:8,2,1,168998
BRDA:9,3,0,90978
BRDA:9,3,1,78020
BRDA:18,4,0,377009
BRDA:18,4,1,0
BRDA:32,5,0,7
BRDA:32,5,1,80
BRDA:38,6,0,144
BRDA:38,6,1,215
BRDA:38,7,0,359
BRDA:38,7,1,203
BRDA:39,8,0,81
BRDA:39,8,1,63
BRDA:42,9,0,2
BRDA:42,9,1,13
BRDA:42,10,0,15
BRDA:42,10,1,15
BRDA:61,11,0,8
BRDA:61,11,1,17
BRDA:66,12,0,8
BRDA:66,12,1,6
BRDA:66,12,2,6
BRDA:70,13,0,25
BRDA:70,13,1,0
BRDA:71,14,0,0
BRDA:71,14,1,25
BRDA:76,15,0,20
BRDA:76,15,1,17
BRDA:79,16,0,2
BRDA:79,16,1,23
BRDA:85,17,0,4
BRDA:85,17,1,3
BRDA:85,17,2,3
BRDA:85,17,3,3
BRDA:85,17,4,2
BRDA:85,17,5,2
BRDA:94,18,0,2
BRDA:94,18,1,23
BRDA:98,19,0,9
BRDA:98,19,1,9
BRDA:102,20,0,2
BRDA:102,20,1,23
BRDA:106,21,0,1
BRDA:106,21,1,1
BRDA:111,22,0,7
BRDA:111,22,1,18
BRDA:116,23,0,3
BRDA:116,23,1,2
BRDA:116,23,2,2
BRDA:116,23,3,2
BRDA:116,23,4,2
BRDA:116,23,5,1
BRDA:116,23,6,1
BRDA:116,23,7,1
BRDA:128,24,0,25
BRDA:128,24,1,0
BRDA:129,25,0,0
BRDA:129,25,1,25
BRDA:134,26,0,4
BRDA:134,26,1,3
BRDA:134,26,2,3
BRDA:134,26,3,3
BRDA:134,26,4,2
BRDA:153,27,0,6
BRDA:153,27,1,16
BRDA:153,28,0,22
BRDA:153,28,1,16
BRDA:164,29,0,2
BRDA:164,29,1,14
BRDA:164,30,0,16
BRDA:164,30,1,14
BRDA:164,30,2,14
BRDA:170,31,0,2
BRDA:170,31,1,0
BRDA:170,32,0,2
BRDA:170,32,1,2
BRDA:170,32,2,2
BRDA:170,32,3,2
BRDA:178,33,0,2
BRDA:178,33,1,14
BRDA:178,34,0,16
BRDA:178,34,1,14
BRDA:178,34,2,14
BRDA:184,35,0,1
BRDA:184,35,1,0
BRDA:184,36,0,1
BRDA:184,36,1,1
BRDA:193,37,0,8
BRDA:193,37,1,14
BRDA:193,38,0,22
BRDA:193,38,1,14
BRDA:211,39,0,54
BRDA:211,39,1,2
BRDA:211,40,0,56
BRDA:211,40,1,56
BRDA:211,40,2,55
BRDA:220,41,0,8
BRDA:220,41,1,14
BRDA:220,42,0,22
BRDA:220,42,1,14
BRDA:226,43,0,0
BRDA:226,43,1,14
BRDA:226,44,0,14
BRDA:226,44,1,14
BRDA:246,45,0,0
BRDA:246,45,1,18
BRDA:246,46,0,18
BRDA:246,46,1,18
BRDA:252,47,0,12
BRDA:252,47,1,6
BRDA:252,48,0,18
BRDA:252,48,1,14
BRDA:252,48,2,14
BRDA:263,49,0,0
BRDA:263,49,1,18
BRDA:263,50,0,18
BRDA:263,50,1,1
BRDA:263,50,2,1
BRDA:270,51,0,0
BRDA:270,51,1,18
BRDA:275,52,0,1
BRDA:275,52,1,17
BRDA:276,53,0,0
BRDA:276,53,1,18
BRDA:277,54,0,0
BRDA:277,54,1,18
BRDA:280,55,0,1
BRDA:280,55,1,17
BRDA:281,56,0,0
BRDA:281,56,1,18
BRDA:290,57,0,2
BRDA:290,57,1,16
BRDA:290,58,0,18
BRDA:290,58,1,2
BRDA:292,59,0,1
BRDA:292,59,1,1
BRDA:293,60,0,2
BRDA:293,60,1,1
BRDA:293,60,2,1
BRDA:310,61,0,50
BRDA:310,61,1,5
BRF:146
BRH:131
end_of_record
TN:
SF:src/utils/workshopStateValidator.ts
FN:44,isValidWorkshopValue
FN:62,isValidTonePreferences
FN:72,(anonymous_2)
FN:82,isValidAudiencePersona
FN:93,(anonymous_4)
FN:95,(anonymous_5)
FN:124,isValidWritingSample
FN:151,isValidQuizResponse
FN:167,isValidISOString
FN:179,validateCurrentStep
FN:206,validateCompletedSteps
FN:249,validateValues
FN:275,(anonymous_12)
FN:328,(anonymous_13)
FN:342,(anonymous_14)
FN:385,validateWorkshopState
FN:517,(anonymous_16)
FN:518,(anonymous_17)
FN:519,(anonymous_18)
FN:520,(anonymous_19)
FN:540,autoFixWorkshopState
FN:548,generateValidationReportText
FN:571,(anonymous_22)
FN:576,(anonymous_23)
FNF:24
FNH:0
FNDA:0,isValidWorkshopValue
FNDA:0,isValidTonePreferences
FNDA:0,(anonymous_2)
FNDA:0,isValidAudiencePersona
FNDA:0,(anonymous_4)
FNDA:0,(anonymous_5)
FNDA:0,isValidWritingSample
FNDA:0,isValidQuizResponse
FNDA:0,isValidISOString
FNDA:0,validateCurrentStep
FNDA:0,validateCompletedSteps
FNDA:0,validateValues
FNDA:0,(anonymous_12)
FNDA:0,(anonymous_13)
FNDA:0,(anonymous_14)
FNDA:0,validateWorkshopState
FNDA:0,(anonymous_16)
FNDA:0,(anonymous_17)
FNDA:0,(anonymous_18)
FNDA:0,(anonymous_19)
FNDA:0,autoFixWorkshopState
FNDA:0,generateValidationReportText
FNDA:0,(anonymous_22)
FNDA:0,(anonymous_23)
DA:45,0
DA:63,0
DA:65,0
DA:72,0
DA:73,0
DA:83,0
DA:85,0
DA:88,0
DA:93,0
DA:95,0
DA:99,0
DA:102,0
DA:103,0
DA:104,0
DA:105,0
DA:106,0
DA:109,0
DA:110,0
DA:111,0
DA:112,0
DA:113,0
DA:116,0
DA:118,0
DA:125,0
DA:128,0
DA:136,0
DA:138,0
DA:139,0
DA:140,0
DA:141,0
DA:142,0
DA:145,0
DA:152,0
DA:168,0
DA:169,0
DA:170,0
DA:172,0
DA:180,0
DA:188,0
DA:189,0
DA:190,0
DA:191,0
DA:192,0
DA:193,0
DA:194,0
DA:195,0
DA:196,0
DA:197,0
DA:200,0
DA:207,0
DA:215,0
DA:216,0
DA:217,0
DA:218,0
DA:219,0
DA:221,0
DA:222,0
DA:224,0
DA:225,0
DA:226,0
DA:227,0
DA:228,0
DA:229,0
DA:230,0
DA:232,0
DA:233,0
DA:237,0
DA:238,0
DA:239,0
DA:243,0
DA:250,0
DA:258,0
DA:259,0
DA:260,0
DA:261,0
DA:262,0
DA:263,0
DA:266,0
DA:267,0
DA:270,0
DA:271,0
DA:272,0
DA:273,0
DA:275,0
DA:276,0
DA:277,0
DA:278,0
DA:279,0
DA:281,0
DA:282,0
DA:283,0
DA:284,0
DA:289,0
DA:290,0
DA:291,0
DA:292,0
DA:294,0
DA:295,0
DA:296,0
DA:297,0
DA:298,0
DA:303,0
DA:304,0
DA:305,0
DA:306,0
DA:308,0
DA:309,0
DA:310,0
DA:311,0
DA:313,0
DA:314,0
DA:317,0
DA:318,0
DA:323,0
DA:324,0
DA:325,0
DA:326,0
DA:328,0
DA:329,0
DA:330,0
DA:331,0
DA:332,0
DA:337,0
DA:338,0
DA:339,0
DA:340,0
DA:342,0
DA:343,0
DA:344,0
DA:345,0
DA:346,0
DA:351,0
DA:352,0
DA:353,0
DA:354,0
DA:356,0
DA:357,0
DA:358,0
DA:359,0
DA:361,0
DA:362,0
DA:365,0
DA:366,0
DA:370,0
DA:371,0
DA:372,0
DA:375,0
DA:376,0
DA:379,0
DA:387,0
DA:389,0
DA:390,0
DA:393,0
DA:394,0
DA:395,0
DA:396,0
DA:399,0
DA:400,0
DA:401,0
DA:402,0
DA:405,0
DA:406,0
DA:407,0
DA:408,0
DA:412,0
DA:419,0
DA:420,0
DA:421,0
DA:422,0
DA:423,0
DA:425,0
DA:428,0
DA:435,0
DA:436,0
DA:437,0
DA:438,0
DA:439,0
DA:440,0
DA:442,0
DA:443,0
DA:444,0
DA:445,0
DA:446,0
DA:447,0
DA:450,0
DA:453,0
DA:460,0
DA:461,0
DA:462,0
DA:463,0
DA:464,0
DA:466,0
DA:469,0
DA:476,0
DA:477,0
DA:478,0
DA:479,0
DA:480,0
DA:481,0
DA:483,0
DA:484,0
DA:486,0
DA:487,0
DA:488,0
DA:489,0
DA:491,0
DA:492,0
DA:493,0
DA:494,0
DA:495,0
DA:499,0
DA:501,0
DA:502,0
DA:503,0
DA:506,0
DA:507,0
DA:508,0
DA:509,0
DA:512,0
DA:515,0
DA:517,0
DA:518,0
DA:519,0
DA:520,0
DA:523,0
DA:524,0
DA:525,0
DA:527,0
DA:541,0
DA:542,0
DA:549,0
DA:561,0
DA:562,0
DA:563,0
DA:565,0
DA:566,0
DA:567,0
DA:569,0
DA:570,0
DA:571,0
DA:574,0
DA:575,0
DA:576,0
DA:579,0
DA:580,0
DA:583,0
DA:587,0
LF:247
LH:0
BRDA:46,0,0,0
BRDA:46,0,1,0
BRDA:46,0,2,0
BRDA:46,0,3,0
BRDA:46,0,4,0
BRDA:46,0,5,0
BRDA:46,0,6,0
BRDA:46,0,7,0
BRDA:46,0,8,0
BRDA:46,0,9,0
BRDA:46,0,10,0
BRDA:63,1,0,0
BRDA:63,1,1,0
BRDA:63,2,0,0
BRDA:63,2,1,0
BRDA:73,3,0,0
BRDA:73,3,1,0
BRDA:73,3,2,0
BRDA:83,4,0,0
BRDA:83,4,1,0
BRDA:83,5,0,0
BRDA:83,5,1,0
BRDA:88,6,0,0
BRDA:88,6,1,0
BRDA:88,6,2,0
BRDA:88,6,3,0
BRDA:88,6,4,0
BRDA:88,6,5,0
BRDA:88,6,6,0
BRDA:88,6,7,0
BRDA:88,6,8,0
BRDA:88,6,9,0
BRDA:88,6,10,0
BRDA:88,6,11,0
BRDA:88,6,12,0
BRDA:99,7,0,0
BRDA:99,7,1,0
BRDA:102,8,0,0
BRDA:102,8,1,0
BRDA:103,9,0,0
BRDA:103,9,1,0
BRDA:104,10,0,0
BRDA:104,10,1,0
BRDA:104,11,0,0
BRDA:104,11,1,0
BRDA:105,12,0,0
BRDA:105,12,1,0
BRDA:105,13,0,0
BRDA:105,13,1,0
BRDA:106,14,0,0
BRDA:106,14,1,0
BRDA:106,15,0,0
BRDA:106,15,1,0
BRDA:109,16,0,0
BRDA:109,16,1,0
BRDA:110,17,0,0
BRDA:110,17,1,0
BRDA:111,18,0,0
BRDA:111,18,1,0
BRDA:112,19,0,0
BRDA:112,19,1,0
BRDA:113,20,0,0
BRDA:113,20,1,0
BRDA:116,21,0,0
BRDA:116,21,1,0
BRDA:116,22,0,0
BRDA:116,22,1,0
BRDA:125,23,0,0
BRDA:125,23,1,0
BRDA:125,24,0,0
BRDA:125,24,1,0
BRDA:128,25,0,0
BRDA:128,25,1,0
BRDA:128,25,2,0
BRDA:128,25,3,0
BRDA:128,25,4,0
BRDA:128,25,5,0
BRDA:136,26,0,0
BRDA:136,26,1,0
BRDA:138,27,0,0
BRDA:138,27,1,0
BRDA:139,28,0,0
BRDA:139,28,1,0
BRDA:140,29,0,0
BRDA:140,29,1,0
BRDA:141,30,0,0
BRDA:141,30,1,0
BRDA:141,31,0,0
BRDA:141,31,1,0
BRDA:142,32,0,0
BRDA:142,32,1,0
BRDA:142,33,0,0
BRDA:142,33,1,0
BRDA:153,34,0,0
BRDA:153,34,1,0
BRDA:153,34,2,0
BRDA:153,34,3,0
BRDA:153,34,4,0
BRDA:153,34,5,0
BRDA:153,34,6,0
BRDA:153,34,7,0
BRDA:188,35,0,0
BRDA:188,35,1,0
BRDA:193,36,0,0
BRDA:193,36,1,0
BRDA:193,37,0,0
BRDA:193,37,1,0
BRDA:215,38,0,0
BRDA:215,38,1,0
BRDA:225,39,0,0
BRDA:225,39,1,0
BRDA:227,40,0,0
BRDA:227,40,1,0
BRDA:227,41,0,0
BRDA:227,41,1,0
BRDA:229,42,0,0
BRDA:229,42,1,0
BRDA:237,43,0,0
BRDA:237,43,1,0
BRDA:258,44,0,0
BRDA:258,44,1,0
BRDA:258,45,0,0
BRDA:258,45,1,0
BRDA:270,46,0,0
BRDA:270,46,1,0
BRDA:275,47,0,0
BRDA:275,47,1,0
BRDA:276,48,0,0
BRDA:276,48,1,0
BRDA:281,49,0,0
BRDA:281,49,1,0
BRDA:289,50,0,0
BRDA:289,50,1,0
BRDA:295,51,0,0
BRDA:295,51,1,0
BRDA:303,52,0,0
BRDA:303,52,1,0
BRDA:303,53,0,0
BRDA:303,53,1,0
BRDA:303,53,2,0
BRDA:310,54,0,0
BRDA:310,54,1,0
BRDA:310,55,0,0
BRDA:310,55,1,0
BRDA:310,55,2,0
BRDA:317,56,0,0
BRDA:317,56,1,0
BRDA:323,57,0,0
BRDA:323,57,1,0
BRDA:328,58,0,0
BRDA:328,58,1,0
BRDA:329,59,0,0
BRDA:329,59,1,0
BRDA:337,60,0,0
BRDA:337,60,1,0
BRDA:342,61,0,0
BRDA:342,61,1,0
BRDA:343,62,0,0
BRDA:343,62,1,0
BRDA:351,63,0,0
BRDA:351,63,1,0
BRDA:351,64,0,0
BRDA:351,64,1,0
BRDA:351,64,2,0
BRDA:358,65,0,0
BRDA:358,65,1,0
BRDA:365,66,0,0
BRDA:365,66,1,0
BRDA:370,67,0,0
BRDA:370,67,1,0
BRDA:375,68,0,0
BRDA:375,68,1,0
BRDA:395,69,0,0
BRDA:395,69,1,0
BRDA:401,70,0,0
BRDA:401,70,1,0
BRDA:407,71,0,0
BRDA:407,71,1,0
BRDA:419,72,0,0
BRDA:419,72,1,0
BRDA:435,73,0,0
BRDA:435,73,1,0
BRDA:443,74,0,0
BRDA:443,74,1,0
BRDA:455,75,0,0
BRDA:455,75,1,0
BRDA:460,76,0,0
BRDA:460,76,1,0
BRDA:476,77,0,0
BRDA:476,77,1,0
BRDA:476,78,0,0
BRDA:476,78,1,0
BRDA:486,79,0,0
BRDA:486,79,1,0
BRDA:492,80,0,0
BRDA:492,80,1,0
BRDA:499,81,0,0
BRDA:499,81,1,0
BRDA:499,82,0,0
BRDA:499,82,1,0
BRDA:506,83,0,0
BRDA:506,83,1,0
BRDA:533,84,0,0
BRDA:533,84,1,0
BRDA:542,85,0,0
BRDA:542,85,1,0
BRDA:552,86,0,0
BRDA:552,86,1,0
BRDA:561,87,0,0
BRDA:561,87,1,0
BRDA:567,88,0,0
BRDA:567,88,1,0
BRDA:569,89,0,0
BRDA:569,89,1,0
BRDA:574,90,0,0
BRDA:574,90,1,0
BRDA:579,91,0,0
BRDA:579,91,1,0
BRF:218
BRH:0
end_of_record
